0 verbose cli C:\Program Files\nodejs\node.exe C:\Users\LUBS\AppData\Roaming\npm\node_modules\npm\bin\npm-cli.js
1 info using npm@11.0.0
2 info using node@v22.13.1
3 silly config load:file:C:\Users\LUBS\AppData\Roaming\npm\node_modules\npm\npmrc
4 silly config load:file:C:\Users\LUBS\Desktop\Visionate\visionate\.npmrc
5 silly config load:file:C:\Users\LUBS\.npmrc
6 silly config load:file:C:\Users\LUBS\AppData\Roaming\npm\etc\npmrc
7 verbose title npm install next react react-dom @radix-ui/react-accordion @radix-ui/react-checkbox @radix-ui/react-dropdown-menu @radix-ui/react-label @radix-ui/react-select @radix-ui/react-slot @radix-ui/react-toast lucide-react framer-motion react-hook-form class-variance-authority clsx tailwind-merge react-slick slick-carousel react-responsive tailwindcss postcss autoprefixer
8 verbose argv "install" "next" "react" "react-dom" "@radix-ui/react-accordion" "@radix-ui/react-checkbox" "@radix-ui/react-dropdown-menu" "@radix-ui/react-label" "@radix-ui/react-select" "@radix-ui/react-slot" "@radix-ui/react-toast" "lucide-react" "framer-motion" "react-hook-form" "class-variance-authority" "clsx" "tailwind-merge" "react-slick" "slick-carousel" "react-responsive" "tailwindcss" "postcss" "autoprefixer"
9 verbose logfile logs-max:10 dir:C:\Users\LUBS\Desktop\Visionate\visionate\npm-cache\_logs\2025-02-02T13_40_34_837Z-
10 verbose logfile C:\Users\LUBS\Desktop\Visionate\visionate\npm-cache\_logs\2025-02-02T13_40_34_837Z-debug-0.log
11 silly logfile done cleaning log files
12 silly packumentCache heap:4345298944 maxSize:1086324736 maxEntrySize:543162368
13 silly idealTree buildDeps
14 silly fetch manifest @radix-ui/react-accordion@^1.2.2
15 silly packumentCache full:https://registry.npmjs.org/@radix-ui%2freact-accordion cache-miss
16 http fetch GET 200 https://registry.npmjs.org/@radix-ui%2freact-accordion 20832ms (cache updated)
17 silly packumentCache full:https://registry.npmjs.org/@radix-ui%2freact-accordion set size:undefined disposed:false
18 silly fetch manifest @types/react@^19.0.8
19 silly packumentCache full:https://registry.npmjs.org/@types%2freact cache-miss
20 http fetch GET 200 https://registry.npmjs.org/@types%2freact 2156ms (cache updated)
21 silly packumentCache full:https://registry.npmjs.org/@types%2freact set size:undefined disposed:false
22 silly fetch manifest @types/react-dom@^19
23 silly packumentCache full:https://registry.npmjs.org/@types%2freact-dom cache-miss
24 http fetch GET 200 https://registry.npmjs.org/@types%2freact-dom 299ms (cache updated)
25 silly packumentCache full:https://registry.npmjs.org/@types%2freact-dom set size:undefined disposed:false
26 silly fetch manifest react@^19.0.0
27 silly packumentCache full:https://registry.npmjs.org/react cache-miss
28 http fetch GET 200 https://registry.npmjs.org/react 5337ms (cache updated)
29 silly packumentCache full:https://registry.npmjs.org/react set size:undefined disposed:false
30 silly fetch manifest react-dom@^19.0.0
31 silly packumentCache full:https://registry.npmjs.org/react-dom cache-miss
32 http fetch GET 200 https://registry.npmjs.org/react-dom 3374ms (cache updated)
33 silly packumentCache full:https://registry.npmjs.org/react-dom set size:undefined disposed:false
34 silly fetch manifest @radix-ui/react-checkbox@^1.1.3
35 silly packumentCache full:https://registry.npmjs.org/@radix-ui%2freact-checkbox cache-miss
36 http fetch GET 200 https://registry.npmjs.org/@radix-ui%2freact-checkbox 591ms (cache updated)
37 silly packumentCache full:https://registry.npmjs.org/@radix-ui%2freact-checkbox set size:undefined disposed:false
38 silly fetch manifest @radix-ui/react-dropdown-menu@^2.1.5
39 silly packumentCache full:https://registry.npmjs.org/@radix-ui%2freact-dropdown-menu cache-miss
40 http fetch GET 200 https://registry.npmjs.org/@radix-ui%2freact-dropdown-menu 2143ms (cache updated)
41 silly packumentCache full:https://registry.npmjs.org/@radix-ui%2freact-dropdown-menu set size:undefined disposed:false
42 silly fetch manifest @radix-ui/react-select@^2.1.5
43 silly packumentCache full:https://registry.npmjs.org/@radix-ui%2freact-select cache-miss
44 http fetch GET 200 https://registry.npmjs.org/@radix-ui%2freact-select 480ms (cache updated)
45 silly packumentCache full:https://registry.npmjs.org/@radix-ui%2freact-select set size:undefined disposed:false
46 silly fetch manifest autoprefixer@^10.4.20
47 silly packumentCache full:https://registry.npmjs.org/autoprefixer cache-miss
48 http fetch GET 200 https://registry.npmjs.org/autoprefixer 1802ms (cache updated)
49 silly packumentCache full:https://registry.npmjs.org/autoprefixer set size:undefined disposed:false
50 silly fetch manifest postcss@^8.5.1
51 silly packumentCache full:https://registry.npmjs.org/postcss cache-miss
52 http fetch GET 200 https://registry.npmjs.org/postcss 504ms (cache updated)
53 silly packumentCache full:https://registry.npmjs.org/postcss set size:undefined disposed:false
54 silly fetch manifest class-variance-authority@^0.7.1
55 silly packumentCache full:https://registry.npmjs.org/class-variance-authority cache-miss
56 http fetch GET 200 https://registry.npmjs.org/class-variance-authority 344ms (cache updated)
57 silly packumentCache full:https://registry.npmjs.org/class-variance-authority set size:undefined disposed:false
58 silly fetch manifest clsx@^2.1.1
59 silly packumentCache full:https://registry.npmjs.org/clsx cache-miss
60 http fetch GET 200 https://registry.npmjs.org/clsx 241ms (cache updated)
61 silly packumentCache full:https://registry.npmjs.org/clsx set size:undefined disposed:false
62 silly fetch manifest framer-motion@^12.0.6
63 silly packumentCache full:https://registry.npmjs.org/framer-motion cache-miss
64 http fetch GET 200 https://registry.npmjs.org/framer-motion 4483ms (cache updated)
65 silly packumentCache full:https://registry.npmjs.org/framer-motion set size:undefined disposed:false
66 silly fetch manifest @emotion/is-prop-valid@*
67 silly packumentCache full:https://registry.npmjs.org/@emotion%2fis-prop-valid cache-miss
68 http fetch GET 200 https://registry.npmjs.org/@emotion%2fis-prop-valid 644ms (cache updated)
69 silly packumentCache full:https://registry.npmjs.org/@emotion%2fis-prop-valid set size:undefined disposed:false
70 silly fetch manifest lucide-react@^0.474.0
71 silly packumentCache full:https://registry.npmjs.org/lucide-react cache-miss
72 http fetch GET 200 https://registry.npmjs.org/lucide-react 2115ms (cache updated)
73 silly packumentCache full:https://registry.npmjs.org/lucide-react set size:undefined disposed:false
74 silly fetch manifest next@^15.1.6
75 silly packumentCache full:https://registry.npmjs.org/next cache-miss
76 http fetch GET 200 https://registry.npmjs.org/next 5639ms (cache updated)
77 silly packumentCache full:https://registry.npmjs.org/next set size:undefined disposed:false
78 silly fetch manifest @opentelemetry/api@^1.1.0
79 silly packumentCache full:https://registry.npmjs.org/@opentelemetry%2fapi cache-miss
80 http fetch GET 200 https://registry.npmjs.org/@opentelemetry%2fapi 394ms (cache updated)
81 silly packumentCache full:https://registry.npmjs.org/@opentelemetry%2fapi set size:undefined disposed:false
82 silly fetch manifest @playwright/test@^1.41.2
83 silly packumentCache full:https://registry.npmjs.org/@playwright%2ftest cache-miss
84 http fetch GET 200 https://registry.npmjs.org/@playwright%2ftest 1652ms (cache updated)
85 silly packumentCache full:https://registry.npmjs.org/@playwright%2ftest set size:undefined disposed:false
86 silly fetch manifest babel-plugin-react-compiler@*
87 silly packumentCache full:https://registry.npmjs.org/babel-plugin-react-compiler cache-miss
88 http fetch GET 200 https://registry.npmjs.org/babel-plugin-react-compiler 173ms (cache updated)
89 silly packumentCache full:https://registry.npmjs.org/babel-plugin-react-compiler set size:undefined disposed:false
90 silly fetch manifest sass@^1.3.0
91 silly packumentCache full:https://registry.npmjs.org/sass cache-miss
92 http fetch GET 200 https://registry.npmjs.org/sass 272ms (cache updated)
93 silly packumentCache full:https://registry.npmjs.org/sass set size:undefined disposed:false
94 silly fetch manifest react-hook-form@^7.54.2
95 silly packumentCache full:https://registry.npmjs.org/react-hook-form cache-miss
96 http fetch GET 200 https://registry.npmjs.org/react-hook-form 953ms (cache updated)
97 silly packumentCache full:https://registry.npmjs.org/react-hook-form set size:undefined disposed:false
98 silly fetch manifest tailwind-merge@^3.0.1
99 silly packumentCache full:https://registry.npmjs.org/tailwind-merge cache-miss
100 http fetch GET 200 https://registry.npmjs.org/tailwind-merge 862ms (cache updated)
101 silly packumentCache full:https://registry.npmjs.org/tailwind-merge set size:undefined disposed:false
102 silly fetch manifest @radix-ui/react-label@*
103 silly packumentCache full:https://registry.npmjs.org/@radix-ui%2freact-label cache-miss
104 http fetch GET 200 https://registry.npmjs.org/@radix-ui%2freact-label 406ms (cache miss)
105 silly packumentCache full:https://registry.npmjs.org/@radix-ui%2freact-label set size:undefined disposed:false
106 silly fetch manifest @radix-ui/react-slot@*
107 silly packumentCache full:https://registry.npmjs.org/@radix-ui%2freact-slot cache-miss
108 http fetch GET 200 https://registry.npmjs.org/@radix-ui%2freact-slot 415ms (cache updated)
109 silly packumentCache full:https://registry.npmjs.org/@radix-ui%2freact-slot set size:undefined disposed:false
110 silly fetch manifest @radix-ui/react-toast@*
111 silly packumentCache full:https://registry.npmjs.org/@radix-ui%2freact-toast cache-miss
112 http fetch GET 200 https://registry.npmjs.org/@radix-ui%2freact-toast 401ms (cache miss)
113 silly packumentCache full:https://registry.npmjs.org/@radix-ui%2freact-toast set size:undefined disposed:false
114 silly fetch manifest react-slick@*
115 silly packumentCache full:https://registry.npmjs.org/react-slick cache-miss
116 http fetch GET 200 https://registry.npmjs.org/react-slick 297ms (cache miss)
117 silly packumentCache full:https://registry.npmjs.org/react-slick set size:undefined disposed:false
118 silly fetch manifest slick-carousel@*
119 silly packumentCache full:https://registry.npmjs.org/slick-carousel cache-miss
120 http fetch GET 200 https://registry.npmjs.org/slick-carousel 258ms (cache miss)
121 silly packumentCache full:https://registry.npmjs.org/slick-carousel set size:undefined disposed:false
122 silly fetch manifest jquery@>=1.8.0
123 silly packumentCache full:https://registry.npmjs.org/jquery cache-miss
124 http fetch GET 200 https://registry.npmjs.org/jquery 1054ms (cache miss)
125 silly packumentCache full:https://registry.npmjs.org/jquery set size:undefined disposed:false
126 silly fetch manifest react-responsive@*
127 silly packumentCache full:https://registry.npmjs.org/react-responsive cache-miss
128 http fetch GET 200 https://registry.npmjs.org/react-responsive 616ms (cache miss)
129 silly packumentCache full:https://registry.npmjs.org/react-responsive set size:undefined disposed:false
130 silly fetch manifest tailwindcss@^3.4.17
131 silly packumentCache full:https://registry.npmjs.org/tailwindcss cache-miss
132 http fetch GET 200 https://registry.npmjs.org/tailwindcss 1547ms (cache updated)
133 silly packumentCache full:https://registry.npmjs.org/tailwindcss set size:undefined disposed:false
134 silly placeDep ROOT @radix-ui/react-accordion@1.2.2 REPLACE for: visionate@0.1.0 want: ^1.2.2
135 silly placeDep ROOT @radix-ui/react-checkbox@1.1.3 REPLACE for: visionate@0.1.0 want: ^1.1.3
136 silly placeDep ROOT @radix-ui/react-dropdown-menu@2.1.5 REPLACE for: visionate@0.1.0 want: ^2.1.5
137 silly placeDep ROOT @radix-ui/react-label@2.1.1 OK for: visionate@0.1.0 want: *
138 silly placeDep ROOT @radix-ui/react-select@2.1.5 REPLACE for: visionate@0.1.0 want: ^2.1.5
139 silly placeDep ROOT @radix-ui/react-slot@1.1.1 REPLACE for: visionate@0.1.0 want: *
140 silly placeDep ROOT @radix-ui/react-toast@1.2.5 OK for: visionate@0.1.0 want: *
141 silly placeDep ROOT autoprefixer@10.4.20 REPLACE for: visionate@0.1.0 want: ^10.4.20
142 silly placeDep ROOT class-variance-authority@0.7.1 REPLACE for: visionate@0.1.0 want: ^0.7.1
143 silly placeDep ROOT clsx@2.1.1 REPLACE for: visionate@0.1.0 want: ^2.1.1
144 silly placeDep ROOT framer-motion@12.0.6 REPLACE for: visionate@0.1.0 want: ^12.0.6
145 silly placeDep ROOT lucide-react@0.474.0 REPLACE for: visionate@0.1.0 want: ^0.474.0
146 silly placeDep ROOT next@15.1.6 REPLACE for: visionate@0.1.0 want: ^15.1.6
147 silly placeDep ROOT postcss@8.5.1 REPLACE for: visionate@0.1.0 want: ^8.5.1
148 silly placeDep ROOT react@19.0.0 REPLACE for: visionate@0.1.0 want: ^19.0.0
149 silly placeDep ROOT react-dom@19.0.0 REPLACE for: visionate@0.1.0 want: ^19.0.0
150 silly placeDep ROOT react-hook-form@7.54.2 REPLACE for: visionate@0.1.0 want: ^7.54.2
151 silly placeDep ROOT react-responsive@10.0.0 OK for: visionate@0.1.0 want: *
152 silly placeDep ROOT react-slick@0.30.3 OK for: visionate@0.1.0 want: *
153 silly placeDep ROOT slick-carousel@1.8.1 OK for: visionate@0.1.0 want: *
154 silly placeDep ROOT jquery@3.7.1 OK for: slick-carousel@1.8.1 want: >=1.8.0
155 silly placeDep ROOT tailwind-merge@3.0.1 REPLACE for: visionate@0.1.0 want: ^3.0.1
156 silly placeDep ROOT tailwindcss@3.4.17 REPLACE for: visionate@0.1.0 want: ^3.4.17
157 silly fetch manifest hyphenate-style-name@^1.0.0
158 silly packumentCache full:https://registry.npmjs.org/hyphenate-style-name cache-miss
159 silly fetch manifest matchmediaquery@^0.4.2
160 silly packumentCache full:https://registry.npmjs.org/matchmediaquery cache-miss
161 silly fetch manifest shallow-equal@^3.1.0
162 silly packumentCache full:https://registry.npmjs.org/shallow-equal cache-miss
163 http fetch GET 200 https://registry.npmjs.org/hyphenate-style-name 674ms (cache miss)
164 silly packumentCache full:https://registry.npmjs.org/hyphenate-style-name set size:undefined disposed:false
165 silly fetch manifest classnames@^2.2.5
166 silly packumentCache full:https://registry.npmjs.org/classnames cache-miss
167 http fetch GET 200 https://registry.npmjs.org/classnames 410ms (cache miss)
168 silly packumentCache full:https://registry.npmjs.org/classnames set size:undefined disposed:false
169 silly fetch manifest enquire.js@^2.1.6
170 silly packumentCache full:https://registry.npmjs.org/enquire.js cache-miss
171 http fetch GET 200 https://registry.npmjs.org/shallow-equal 1314ms (cache miss)
172 silly packumentCache full:https://registry.npmjs.org/shallow-equal set size:undefined disposed:false
173 silly fetch manifest json2mq@^0.2.0
174 silly packumentCache full:https://registry.npmjs.org/json2mq cache-miss
175 http fetch GET 200 https://registry.npmjs.org/matchmediaquery 1319ms (cache miss)
176 silly packumentCache full:https://registry.npmjs.org/matchmediaquery set size:undefined disposed:false
177 silly fetch manifest lodash.debounce@^4.0.8
178 silly packumentCache full:https://registry.npmjs.org/lodash.debounce cache-miss
179 http fetch GET 200 https://registry.npmjs.org/enquire.js 435ms (cache miss)
180 silly packumentCache full:https://registry.npmjs.org/enquire.js set size:undefined disposed:false
181 silly fetch manifest resize-observer-polyfill@^1.5.0
182 silly packumentCache full:https://registry.npmjs.org/resize-observer-polyfill cache-miss
183 http fetch GET 200 https://registry.npmjs.org/lodash.debounce 214ms (cache miss)
184 silly packumentCache full:https://registry.npmjs.org/lodash.debounce set size:undefined disposed:false
185 http fetch GET 200 https://registry.npmjs.org/json2mq 469ms (cache miss)
186 silly packumentCache full:https://registry.npmjs.org/json2mq set size:undefined disposed:false
187 http fetch GET 200 https://registry.npmjs.org/resize-observer-polyfill 412ms (cache miss)
188 silly packumentCache full:https://registry.npmjs.org/resize-observer-polyfill set size:undefined disposed:false
189 silly placeDep ROOT hyphenate-style-name@1.1.0 OK for: react-responsive@10.0.0 want: ^1.0.0
190 silly placeDep ROOT matchmediaquery@0.4.2 OK for: react-responsive@10.0.0 want: ^0.4.2
191 silly placeDep ROOT shallow-equal@3.1.0 OK for: react-responsive@10.0.0 want: ^3.1.0
192 silly fetch manifest css-mediaquery@^0.1.2
193 silly packumentCache full:https://registry.npmjs.org/css-mediaquery cache-miss
194 http fetch GET 200 https://registry.npmjs.org/css-mediaquery 826ms (cache miss)
195 silly packumentCache full:https://registry.npmjs.org/css-mediaquery set size:undefined disposed:false
196 silly placeDep ROOT css-mediaquery@0.1.2 OK for: matchmediaquery@0.4.2 want: ^0.1.2
197 silly placeDep ROOT classnames@2.5.1 OK for: react-slick@0.30.3 want: ^2.2.5
198 silly placeDep ROOT enquire.js@2.1.6 OK for: react-slick@0.30.3 want: ^2.1.6
199 silly placeDep ROOT json2mq@0.2.0 OK for: react-slick@0.30.3 want: ^0.2.0
200 silly placeDep ROOT lodash.debounce@4.0.8 OK for: react-slick@0.30.3 want: ^4.0.8
201 silly placeDep ROOT resize-observer-polyfill@1.5.1 OK for: react-slick@0.30.3 want: ^1.5.0
202 silly fetch manifest string-convert@^0.2.0
203 silly packumentCache full:https://registry.npmjs.org/string-convert cache-miss
204 http fetch GET 200 https://registry.npmjs.org/string-convert 271ms (cache miss)
205 silly packumentCache full:https://registry.npmjs.org/string-convert set size:undefined disposed:false
206 silly placeDep ROOT string-convert@0.2.1 OK for: json2mq@0.2.0 want: ^0.2.0
207 silly reify moves {}
208 silly audit bulk request {
208 silly audit   '@alloc/quick-lru': [ '5.2.0' ],
208 silly audit   '@emnapi/runtime': [ '1.3.1' ],
208 silly audit   '@eslint-community/eslint-utils': [ '4.4.1' ],
208 silly audit   'eslint-visitor-keys': [ '3.4.3', '4.2.0' ],
208 silly audit   '@eslint-community/regexpp': [ '4.12.1' ],
208 silly audit   '@eslint/config-array': [ '0.19.2' ],
208 silly audit   '@eslint/core': [ '0.10.0' ],
208 silly audit   '@eslint/eslintrc': [ '3.2.0' ],
208 silly audit   '@eslint/js': [ '9.19.0' ],
208 silly audit   '@eslint/object-schema': [ '2.1.6' ],
208 silly audit   '@eslint/plugin-kit': [ '0.2.5' ],
208 silly audit   '@floating-ui/core': [ '1.6.9' ],
208 silly audit   '@floating-ui/dom': [ '1.6.13' ],
208 silly audit   '@floating-ui/react-dom': [ '2.1.2' ],
208 silly audit   '@floating-ui/utils': [ '0.2.9' ],
208 silly audit   '@hookform/resolvers': [ '3.10.0' ],
208 silly audit   '@humanfs/core': [ '0.19.1' ],
208 silly audit   '@humanfs/node': [ '0.16.6' ],
208 silly audit   '@humanwhocodes/retry': [ '0.3.1', '0.4.1' ],
208 silly audit   '@humanwhocodes/module-importer': [ '1.0.1' ],
208 silly audit   '@img/sharp-darwin-arm64': [ '0.33.5' ],
208 silly audit   '@img/sharp-darwin-x64': [ '0.33.5' ],
208 silly audit   '@img/sharp-libvips-darwin-arm64': [ '1.0.4' ],
208 silly audit   '@img/sharp-libvips-darwin-x64': [ '1.0.4' ],
208 silly audit   '@img/sharp-libvips-linux-arm': [ '1.0.5' ],
208 silly audit   '@img/sharp-libvips-linux-arm64': [ '1.0.4' ],
208 silly audit   '@img/sharp-libvips-linux-s390x': [ '1.0.4' ],
208 silly audit   '@img/sharp-libvips-linux-x64': [ '1.0.4' ],
208 silly audit   '@img/sharp-libvips-linuxmusl-arm64': [ '1.0.4' ],
208 silly audit   '@img/sharp-libvips-linuxmusl-x64': [ '1.0.4' ],
208 silly audit   '@img/sharp-linux-arm': [ '0.33.5' ],
208 silly audit   '@img/sharp-linux-arm64': [ '0.33.5' ],
208 silly audit   '@img/sharp-linux-s390x': [ '0.33.5' ],
208 silly audit   '@img/sharp-linux-x64': [ '0.33.5' ],
208 silly audit   '@img/sharp-linuxmusl-arm64': [ '0.33.5' ],
208 silly audit   '@img/sharp-linuxmusl-x64': [ '0.33.5' ],
208 silly audit   '@img/sharp-wasm32': [ '0.33.5' ],
208 silly audit   '@img/sharp-win32-ia32': [ '0.33.5' ],
208 silly audit   '@img/sharp-win32-x64': [ '0.33.5' ],
208 silly audit   '@isaacs/cliui': [ '8.0.2' ],
208 silly audit   '@jridgewell/gen-mapping': [ '0.3.8' ],
208 silly audit   '@jridgewell/resolve-uri': [ '3.1.2' ],
208 silly audit   '@jridgewell/set-array': [ '1.2.1' ],
208 silly audit   '@jridgewell/sourcemap-codec': [ '1.5.0' ],
208 silly audit   '@jridgewell/trace-mapping': [ '0.3.25' ],
208 silly audit   '@next/env': [ '15.1.6' ],
208 silly audit   '@next/eslint-plugin-next': [ '15.1.6' ],
208 silly audit   '@next/swc-darwin-arm64': [ '15.1.6' ],
208 silly audit   '@next/swc-darwin-x64': [ '15.1.6' ],
208 silly audit   '@next/swc-linux-arm64-gnu': [ '15.1.6' ],
208 silly audit   '@next/swc-linux-arm64-musl': [ '15.1.6' ],
208 silly audit   '@next/swc-linux-x64-gnu': [ '15.1.6' ],
208 silly audit   '@next/swc-linux-x64-musl': [ '15.1.6' ],
208 silly audit   '@next/swc-win32-arm64-msvc': [ '15.1.6' ],
208 silly audit   '@next/swc-win32-x64-msvc': [ '15.1.6' ],
208 silly audit   '@nodelib/fs.scandir': [ '2.1.5' ],
208 silly audit   '@nodelib/fs.stat': [ '2.0.5' ],
208 silly audit   '@nodelib/fs.walk': [ '1.2.8' ],
208 silly audit   '@nolyfill/is-core-module': [ '1.0.39' ],
208 silly audit   '@pkgjs/parseargs': [ '0.11.0' ],
208 silly audit   '@radix-ui/number': [ '1.1.0' ],
208 silly audit   '@radix-ui/primitive': [ '1.1.1' ],
208 silly audit   '@radix-ui/react-arrow': [ '1.1.1' ],
208 silly audit   '@radix-ui/react-collapsible': [ '1.1.2' ],
208 silly audit   '@radix-ui/react-collection': [ '1.1.1' ],
208 silly audit   '@radix-ui/react-compose-refs': [ '1.1.1' ],
208 silly audit   '@radix-ui/react-context': [ '1.1.1' ],
208 silly audit   '@radix-ui/react-direction': [ '1.1.0' ],
208 silly audit   '@radix-ui/react-dismissable-layer': [ '1.1.4' ],
208 silly audit   '@radix-ui/react-focus-guards': [ '1.1.1' ],
208 silly audit   '@radix-ui/react-focus-scope': [ '1.1.1' ],
208 silly audit   '@radix-ui/react-id': [ '1.1.0' ],
208 silly audit   '@radix-ui/react-menu': [ '2.1.5' ],
208 silly audit   '@radix-ui/react-popper': [ '1.2.1' ],
208 silly audit   '@radix-ui/react-portal': [ '1.1.3' ],
208 silly audit   '@radix-ui/react-presence': [ '1.1.2' ],
208 silly audit   '@radix-ui/react-primitive': [ '2.0.1' ],
208 silly audit   '@radix-ui/react-roving-focus': [ '1.1.1' ],
208 silly audit   '@radix-ui/react-use-callback-ref': [ '1.1.0' ],
208 silly audit   '@radix-ui/react-use-controllable-state': [ '1.1.0' ],
208 silly audit   '@radix-ui/react-use-escape-keydown': [ '1.1.0' ],
208 silly audit   '@radix-ui/react-use-layout-effect': [ '1.1.0' ],
208 silly audit   '@radix-ui/react-use-previous': [ '1.1.0' ],
208 silly audit   '@radix-ui/react-use-rect': [ '1.1.0' ],
208 silly audit   '@radix-ui/react-use-size': [ '1.1.0' ],
208 silly audit   '@radix-ui/react-visually-hidden': [ '1.1.1' ],
208 silly audit   '@radix-ui/rect': [ '1.1.0' ],
208 silly audit   '@rtsao/scc': [ '1.1.0' ],
208 silly audit   '@rushstack/eslint-patch': [ '1.10.5' ],
208 silly audit   '@swc/counter': [ '0.1.3' ],
208 silly audit   '@swc/helpers': [ '0.5.15' ],
208 silly audit   '@tailwindcss/container-queries': [ '0.1.1' ],
208 silly audit   '@types/estree': [ '1.0.6' ],
208 silly audit   '@types/json-schema': [ '7.0.15' ],
208 silly audit   '@types/json5': [ '0.0.29' ],
208 silly audit   '@types/node': [ '20.17.16' ],
208 silly audit   '@types/nodemailer': [ '6.4.17' ],
208 silly audit   '@types/react': [ '19.0.8' ],
208 silly audit   '@types/react-dom': [ '19.0.3' ],
208 silly audit   '@typescript-eslint/eslint-plugin': [ '8.22.0' ],
208 silly audit   '@typescript-eslint/parser': [ '8.22.0' ],
208 silly audit   '@typescript-eslint/scope-manager': [ '8.22.0' ],
208 silly audit   '@typescript-eslint/type-utils': [ '8.22.0' ],
208 silly audit   '@typescript-eslint/types': [ '8.22.0' ],
208 silly audit   '@typescript-eslint/typescript-estree': [ '8.22.0' ],
208 silly audit   'brace-expansion': [ '2.0.1', '1.1.11' ],
208 silly audit   'fast-glob': [ '3.3.3', '3.3.1' ],
208 silly audit   'glob-parent': [ '5.1.2', '6.0.2' ],
208 silly audit   minimatch: [ '9.0.5', '3.1.2' ],
208 silly audit   '@typescript-eslint/utils': [ '8.22.0' ],
208 silly audit   '@typescript-eslint/visitor-keys': [ '8.22.0' ],
208 silly audit   acorn: [ '8.14.0' ],
208 silly audit   'acorn-jsx': [ '5.3.2' ],
208 silly audit   ajv: [ '6.12.6' ],
208 silly audit   'ansi-regex': [ '6.1.0', '5.0.1' ],
208 silly audit   'ansi-styles': [ '4.3.0', '6.2.1' ],
208 silly audit   'any-promise': [ '1.3.0' ],
208 silly audit   anymatch: [ '3.1.3' ],
208 silly audit   arg: [ '5.0.2' ],
208 silly audit   argparse: [ '2.0.1' ],
208 silly audit   'aria-hidden': [ '1.2.4' ],
208 silly audit   'aria-query': [ '5.3.2' ],
208 silly audit   'array-buffer-byte-length': [ '1.0.2' ],
208 silly audit   'array-includes': [ '3.1.8' ],
208 silly audit   'array.prototype.findlast': [ '1.2.5' ],
208 silly audit   'array.prototype.findlastindex': [ '1.2.5' ],
208 silly audit   'array.prototype.flat': [ '1.3.3' ],
208 silly audit   'array.prototype.flatmap': [ '1.3.3' ],
208 silly audit   'array.prototype.tosorted': [ '1.1.4' ],
208 silly audit   'arraybuffer.prototype.slice': [ '1.0.4' ],
208 silly audit   'ast-types-flow': [ '0.0.8' ],
208 silly audit   'async-function': [ '1.0.0' ],
208 silly audit   'available-typed-arrays': [ '1.0.7' ],
208 silly audit   'axe-core': [ '4.10.2' ],
208 silly audit   'axobject-query': [ '4.1.0' ],
208 silly audit   'balanced-match': [ '1.0.2' ],
208 silly audit   'binary-extensions': [ '2.3.0' ],
208 silly audit   braces: [ '3.0.3' ],
208 silly audit   browserslist: [ '4.24.4' ],
208 silly audit   busboy: [ '1.6.0' ],
208 silly audit   'call-bind': [ '1.0.8' ],
208 silly audit   'call-bind-apply-helpers': [ '1.0.1' ],
208 silly audit   'call-bound': [ '1.0.3' ],
208 silly audit   callsites: [ '3.1.0' ],
208 silly audit   'camelcase-css': [ '2.0.1' ],
208 silly audit   'caniuse-lite': [ '1.0.30001696' ],
208 silly audit   chalk: [ '4.1.2' ],
208 silly audit   chokidar: [ '3.6.0' ],
208 silly audit   'client-only': [ '0.0.1' ],
208 silly audit   color: [ '4.2.3' ],
208 silly audit   'color-convert': [ '2.0.1' ],
208 silly audit   'color-name': [ '1.1.4' ],
208 silly audit   'color-string': [ '1.9.1' ],
208 silly audit   commander: [ '4.1.1' ],
208 silly audit   'concat-map': [ '0.0.1' ],
208 silly audit   'cross-spawn': [ '7.0.6' ],
208 silly audit   cssesc: [ '3.0.0' ],
208 silly audit   csstype: [ '3.1.3' ],
208 silly audit   'damerau-levenshtein': [ '1.0.8' ],
208 silly audit   'data-view-buffer': [ '1.0.2' ],
208 silly audit   'data-view-byte-length': [ '1.0.2' ],
208 silly audit   'data-view-byte-offset': [ '1.0.1' ],
208 silly audit   debug: [ '4.4.0', '3.2.7' ],
208 silly audit   'deep-is': [ '0.1.4' ],
208 silly audit   'define-data-property': [ '1.1.4' ],
208 silly audit   'define-properties': [ '1.2.1' ],
208 silly audit   'detect-libc': [ '2.0.3' ],
208 silly audit   'detect-node-es': [ '1.1.0' ],
208 silly audit   didyoumean: [ '1.2.2' ],
208 silly audit   dlv: [ '1.1.3' ],
208 silly audit   doctrine: [ '2.1.0' ],
208 silly audit   'dunder-proto': [ '1.0.1' ],
208 silly audit   eastasianwidth: [ '0.2.0' ],
208 silly audit   'electron-to-chromium': [ '1.5.90' ],
208 silly audit   'emoji-regex': [ '9.2.2', '8.0.0' ],
208 silly audit   'enhanced-resolve': [ '5.18.0' ],
208 silly audit   'es-abstract': [ '1.23.9' ],
208 silly audit   'es-define-property': [ '1.0.1' ],
208 silly audit   'es-errors': [ '1.3.0' ],
208 silly audit   'es-iterator-helpers': [ '1.2.1' ],
208 silly audit   'es-object-atoms': [ '1.1.1' ],
208 silly audit   'es-set-tostringtag': [ '2.1.0' ],
208 silly audit   'es-shim-unscopables': [ '1.0.2' ],
208 silly audit   'es-to-primitive': [ '1.3.0' ],
208 silly audit   escalade: [ '3.2.0' ],
208 silly audit   'escape-string-regexp': [ '4.0.0' ],
208 silly audit   eslint: [ '9.19.0' ],
208 silly audit   'eslint-config-next': [ '15.1.6' ],
208 silly audit   'eslint-import-resolver-node': [ '0.3.9' ],
208 silly audit   'eslint-import-resolver-typescript': [ '3.7.0' ],
208 silly audit   'eslint-module-utils': [ '2.12.0' ],
208 silly audit   'eslint-plugin-import': [ '2.31.0' ],
208 silly audit   semver: [ '6.3.1', '7.7.0' ],
208 silly audit   'eslint-plugin-jsx-a11y': [ '6.10.2' ],
208 silly audit   'eslint-plugin-react': [ '7.37.4' ],
208 silly audit   'eslint-plugin-react-hooks': [ '5.1.0' ],
208 silly audit   resolve: [ '2.0.0-next.5', '1.22.10' ],
208 silly audit   'eslint-scope': [ '8.2.0' ],
208 silly audit   espree: [ '10.3.0' ],
208 silly audit   esquery: [ '1.6.0' ],
208 silly audit   esrecurse: [ '4.3.0' ],
208 silly audit   estraverse: [ '5.3.0' ],
208 silly audit   esutils: [ '2.0.3' ],
208 silly audit   'fast-deep-equal': [ '3.1.3' ],
208 silly audit   'fast-json-stable-stringify': [ '2.1.0' ],
208 silly audit   'fast-levenshtein': [ '2.0.6' ],
208 silly audit   fastq: [ '1.19.0' ],
208 silly audit   'file-entry-cache': [ '8.0.0' ],
208 silly audit   'fill-range': [ '7.1.1' ],
208 silly audit   'find-up': [ '5.0.0' ],
208 silly audit   'flat-cache': [ '4.0.1' ],
208 silly audit   flatted: [ '3.3.2' ],
208 silly audit   'for-each': [ '0.3.4' ],
208 silly audit   'foreground-child': [ '3.3.0' ],
208 silly audit   'fraction.js': [ '4.3.7' ],
208 silly audit   fsevents: [ '2.3.3' ],
208 silly audit   'function-bind': [ '1.1.2' ],
208 silly audit   'function.prototype.name': [ '1.1.8' ],
208 silly audit   'functions-have-names': [ '1.2.3' ],
208 silly audit   'get-intrinsic': [ '1.2.7' ],
208 silly audit   'get-nonce': [ '1.0.1' ],
208 silly audit   'get-proto': [ '1.0.1' ],
208 silly audit   'get-symbol-description': [ '1.1.0' ],
208 silly audit   'get-tsconfig': [ '4.10.0' ],
208 silly audit   glob: [ '10.4.5' ],
208 silly audit   globals: [ '14.0.0' ],
208 silly audit   globalthis: [ '1.0.4' ],
208 silly audit   gopd: [ '1.2.0' ],
208 silly audit   'graceful-fs': [ '4.2.11' ],
208 silly audit   graphemer: [ '1.4.0' ],
208 silly audit   'has-bigints': [ '1.1.0' ],
208 silly audit   'has-flag': [ '4.0.0' ],
208 silly audit   'has-property-descriptors': [ '1.0.2' ],
208 silly audit   'has-proto': [ '1.2.0' ],
208 silly audit   'has-symbols': [ '1.1.0' ],
208 silly audit   'has-tostringtag': [ '1.0.2' ],
208 silly audit   hasown: [ '2.0.2' ],
208 silly audit   ignore: [ '5.3.2' ],
208 silly audit   'import-fresh': [ '3.3.0' ],
208 silly audit   imurmurhash: [ '0.1.4' ],
208 silly audit   'internal-slot': [ '1.1.0' ],
208 silly audit   'is-array-buffer': [ '3.0.5' ],
208 silly audit   'is-arrayish': [ '0.3.2' ],
208 silly audit   'is-async-function': [ '2.1.1' ],
208 silly audit   'is-bigint': [ '1.1.0' ],
208 silly audit   'is-binary-path': [ '2.1.0' ],
208 silly audit   'is-boolean-object': [ '1.2.1' ],
208 silly audit   'is-bun-module': [ '1.3.0' ],
208 silly audit   'is-callable': [ '1.2.7' ],
208 silly audit   'is-core-module': [ '2.16.1' ],
208 silly audit   'is-data-view': [ '1.0.2' ],
208 silly audit   'is-date-object': [ '1.1.0' ],
208 silly audit   'is-extglob': [ '2.1.1' ],
208 silly audit   'is-finalizationregistry': [ '1.1.1' ],
208 silly audit   'is-fullwidth-code-point': [ '3.0.0' ],
208 silly audit   'is-generator-function': [ '1.1.0' ],
208 silly audit   'is-glob': [ '4.0.3' ],
208 silly audit   'is-map': [ '2.0.3' ],
208 silly audit   'is-number': [ '7.0.0' ],
208 silly audit   'is-number-object': [ '1.1.1' ],
208 silly audit   'is-regex': [ '1.2.1' ],
208 silly audit   'is-set': [ '2.0.3' ],
208 silly audit   'is-shared-array-buffer': [ '1.0.4' ],
208 silly audit   'is-string': [ '1.1.1' ],
208 silly audit   'is-symbol': [ '1.1.1' ],
208 silly audit   'is-typed-array': [ '1.1.15' ],
208 silly audit   'is-weakmap': [ '2.0.2' ],
208 silly audit   'is-weakref': [ '1.1.0' ],
208 silly audit   'is-weakset': [ '2.0.4' ],
208 silly audit   isarray: [ '2.0.5' ],
208 silly audit   isexe: [ '2.0.0' ],
208 silly audit   'iterator.prototype': [ '1.1.5' ],
208 silly audit   jackspeak: [ '3.4.3' ],
208 silly audit   jiti: [ '1.21.7' ],
208 silly audit   'js-tokens': [ '4.0.0' ],
208 silly audit   'js-yaml': [ '4.1.0' ],
208 silly audit   'json-buffer': [ '3.0.1' ],
208 silly audit   'json-schema-traverse': [ '0.4.1' ],
208 silly audit   'json-stable-stringify-without-jsonify': [ '1.0.1' ],
208 silly audit   json5: [ '1.0.2' ],
208 silly audit   'jsx-ast-utils': [ '3.3.5' ],
208 silly audit   keyv: [ '4.5.4' ],
208 silly audit   'language-subtag-registry': [ '0.3.23' ],
208 silly audit   'language-tags': [ '1.0.9' ],
208 silly audit   levn: [ '0.4.1' ],
208 silly audit   lilconfig: [ '3.1.3' ],
208 silly audit   'lines-and-columns': [ '1.2.4' ],
208 silly audit   'locate-path': [ '6.0.0' ],
208 silly audit   'lodash.merge': [ '4.6.2' ],
208 silly audit   'loose-envify': [ '1.4.0' ],
208 silly audit   'lru-cache': [ '10.4.3' ],
208 silly audit   'math-intrinsics': [ '1.1.0' ],
208 silly audit   merge2: [ '1.4.1' ],
208 silly audit   micromatch: [ '4.0.8' ],
208 silly audit   minimist: [ '1.2.8' ],
208 silly audit   minipass: [ '7.1.2' ],
208 silly audit   motion: [ '12.0.6' ],
208 silly audit   'motion-dom': [ '12.0.0' ],
208 silly audit   'motion-utils': [ '12.0.0' ],
208 silly audit   ms: [ '2.1.3' ],
208 silly audit   mz: [ '2.7.0' ],
208 silly audit   nanoid: [ '3.3.8' ],
208 silly audit   'natural-compare': [ '1.4.0' ],
208 silly audit   postcss: [ '8.4.31', '8.5.1' ],
208 silly audit   'node-releases': [ '2.0.19' ],
208 silly audit   nodemailer: [ '6.10.0' ],
208 silly audit   'normalize-path': [ '3.0.0' ],
208 silly audit   'normalize-range': [ '0.1.2' ],
208 silly audit   'object-assign': [ '4.1.1' ],
208 silly audit   'object-hash': [ '3.0.0' ],
208 silly audit   'object-inspect': [ '1.13.3' ],
208 silly audit   'object-keys': [ '1.1.1' ],
208 silly audit   'object.assign': [ '4.1.7' ],
208 silly audit   'object.entries': [ '1.1.8' ],
208 silly audit   'object.fromentries': [ '2.0.8' ],
208 silly audit   'object.groupby': [ '1.0.3' ],
208 silly audit   'object.values': [ '1.2.1' ],
208 silly audit   optionator: [ '0.9.4' ],
208 silly audit   'own-keys': [ '1.0.1' ],
208 silly audit   'p-limit': [ '3.1.0' ],
208 silly audit   'p-locate': [ '5.0.0' ],
208 silly audit   'package-json-from-dist': [ '1.0.1' ],
208 silly audit   'parent-module': [ '1.0.1' ],
208 silly audit   'path-exists': [ '4.0.0' ],
208 silly audit   'path-key': [ '3.1.1' ],
208 silly audit   'path-parse': [ '1.0.7' ],
208 silly audit   'path-scurry': [ '1.11.1' ],
208 silly audit   picocolors: [ '1.1.1' ],
208 silly audit   picomatch: [ '2.3.1' ],
208 silly audit   pify: [ '2.3.0' ],
208 silly audit   pirates: [ '4.0.6' ],
208 silly audit   'possible-typed-array-names': [ '1.0.0' ],
208 silly audit   'postcss-import': [ '15.1.0' ],
208 silly audit   'postcss-js': [ '4.0.1' ],
208 silly audit   'postcss-load-config': [ '4.0.2' ],
208 silly audit   'postcss-nested': [ '6.2.0' ],
208 silly audit   'postcss-selector-parser': [ '6.1.2' ],
208 silly audit   'postcss-value-parser': [ '4.2.0' ],
208 silly audit   'prelude-ls': [ '1.2.1' ],
208 silly audit   'prop-types': [ '15.8.1' ],
208 silly audit   punycode: [ '2.3.1' ],
208 silly audit   'queue-microtask': [ '1.2.3' ],
208 silly audit   'react-calendly': [ '4.3.1' ],
208 silly audit   'react-icons': [ '5.4.0' ],
208 silly audit   'react-is': [ '16.13.1' ],
208 silly audit   'react-remove-scroll': [ '2.6.3' ],
208 silly audit   'react-remove-scroll-bar': [ '2.3.8' ],
208 silly audit   'react-style-singleton': [ '2.2.3' ],
208 silly audit   'read-cache': [ '1.0.0' ],
208 silly audit   readdirp: [ '3.6.0' ],
208 silly audit   'reflect.getprototypeof': [ '1.0.10' ],
208 silly audit   'regexp.prototype.flags': [ '1.5.4' ],
208 silly audit   'resolve-from': [ '4.0.0' ],
208 silly audit   'resolve-pkg-maps': [ '1.0.0' ],
208 silly audit   reusify: [ '1.0.4' ],
208 silly audit   'run-parallel': [ '1.2.0' ],
208 silly audit   'safe-array-concat': [ '1.1.3' ],
208 silly audit   'safe-push-apply': [ '1.0.0' ],
208 silly audit   'safe-regex-test': [ '1.1.0' ],
208 silly audit   scheduler: [ '0.25.0' ],
208 silly audit   'set-function-length': [ '1.2.2' ],
208 silly audit   'set-function-name': [ '2.0.2' ],
208 silly audit   'set-proto': [ '1.0.0' ],
208 silly audit   sharp: [ '0.33.5' ],
208 silly audit   'shebang-command': [ '2.0.0' ],
208 silly audit   'shebang-regex': [ '3.0.0' ],
208 silly audit   'side-channel': [ '1.1.0' ],
208 silly audit   'side-channel-list': [ '1.0.0' ],
208 silly audit   'side-channel-map': [ '1.0.1' ],
208 silly audit   'side-channel-weakmap': [ '1.0.2' ],
208 silly audit   'signal-exit': [ '4.1.0' ],
208 silly audit   'simple-swizzle': [ '0.2.2' ],
208 silly audit   'source-map-js': [ '1.2.1' ],
208 silly audit   'stable-hash': [ '0.0.4' ],
208 silly audit   streamsearch: [ '1.1.0' ],
208 silly audit   'string-width': [ '5.1.2', '4.2.3' ],
208 silly audit   'strip-ansi': [ '6.0.1', '7.1.0' ],
208 silly audit   'string.prototype.includes': [ '2.0.1' ],
208 silly audit   'string.prototype.matchall': [ '4.0.12' ],
208 silly audit   'string.prototype.repeat': [ '1.0.0' ],
208 silly audit   'string.prototype.trim': [ '1.2.10' ],
208 silly audit   'string.prototype.trimend': [ '1.0.9' ],
208 silly audit   'string.prototype.trimstart': [ '1.0.8' ],
208 silly audit   'strip-bom': [ '3.0.0' ],
208 silly audit   'strip-json-comments': [ '3.1.1' ],
208 silly audit   'styled-jsx': [ '5.1.6' ],
208 silly audit   sucrase: [ '3.35.0' ],
208 silly audit   'supports-color': [ '7.2.0' ],
208 silly audit   'supports-preserve-symlinks-flag': [ '1.0.0' ],
208 silly audit   'tailwindcss-animate': [ '1.0.7' ],
208 silly audit   tapable: [ '2.2.1' ],
208 silly audit   thenify: [ '3.3.1' ],
208 silly audit   'thenify-all': [ '1.6.0' ],
208 silly audit   'to-regex-range': [ '5.0.1' ],
208 silly audit   'ts-api-utils': [ '2.0.0' ],
208 silly audit   'ts-interface-checker': [ '0.1.13' ],
208 silly audit   'tsconfig-paths': [ '3.15.0' ],
208 silly audit   tslib: [ '2.8.1' ],
208 silly audit   'type-check': [ '0.4.0' ],
208 silly audit   'typed-array-buffer': [ '1.0.3' ],
208 silly audit   'typed-array-byte-length': [ '1.0.3' ],
208 silly audit   'typed-array-byte-offset': [ '1.0.4' ],
208 silly audit   'typed-array-length': [ '1.0.7' ],
208 silly audit   typescript: [ '5.7.3' ],
208 silly audit   'unbox-primitive': [ '1.1.0' ],
208 silly audit   'undici-types': [ '6.19.8' ],
208 silly audit   'update-browserslist-db': [ '1.1.2' ],
208 silly audit   'uri-js': [ '4.4.1' ],
208 silly audit   'use-callback-ref': [ '1.3.3' ],
208 silly audit   'use-sidecar': [ '1.1.3' ],
208 silly audit   'util-deprecate': [ '1.0.2' ],
208 silly audit   which: [ '2.0.2' ],
208 silly audit   'which-boxed-primitive': [ '1.1.1' ],
208 silly audit   'which-builtin-type': [ '1.2.1' ],
208 silly audit   'which-collection': [ '1.0.2' ],
208 silly audit   'which-typed-array': [ '1.1.18' ],
208 silly audit   'word-wrap': [ '1.2.5' ],
208 silly audit   'wrap-ansi': [ '8.1.0', '7.0.0' ],
208 silly audit   yaml: [ '2.7.0' ],
208 silly audit   'yocto-queue': [ '0.1.0' ],
208 silly audit   zod: [ '3.24.1' ],
208 silly audit   '@radix-ui/react-accordion': [ '1.2.2' ],
208 silly audit   '@radix-ui/react-checkbox': [ '1.1.3' ],
208 silly audit   '@radix-ui/react-dropdown-menu': [ '2.1.5' ],
208 silly audit   '@radix-ui/react-label': [ '2.1.1' ],
208 silly audit   '@radix-ui/react-select': [ '2.1.5' ],
208 silly audit   '@radix-ui/react-slot': [ '1.1.1' ],
208 silly audit   '@radix-ui/react-toast': [ '1.2.5' ],
208 silly audit   autoprefixer: [ '10.4.20' ],
208 silly audit   'class-variance-authority': [ '0.7.1' ],
208 silly audit   clsx: [ '2.1.1' ],
208 silly audit   'framer-motion': [ '12.0.6' ],
208 silly audit   'lucide-react': [ '0.474.0' ],
208 silly audit   next: [ '15.1.6' ],
208 silly audit   react: [ '19.0.0' ],
208 silly audit   'react-dom': [ '19.0.0' ],
208 silly audit   'react-hook-form': [ '7.54.2' ],
208 silly audit   'react-responsive': [ '10.0.0' ],
208 silly audit   'react-slick': [ '0.30.3' ],
208 silly audit   'slick-carousel': [ '1.8.1' ],
208 silly audit   jquery: [ '3.7.1' ],
208 silly audit   'tailwind-merge': [ '3.0.1' ],
208 silly audit   tailwindcss: [ '3.4.17' ],
208 silly audit   'hyphenate-style-name': [ '1.1.0' ],
208 silly audit   matchmediaquery: [ '0.4.2' ],
208 silly audit   'shallow-equal': [ '3.1.0' ],
208 silly audit   'css-mediaquery': [ '0.1.2' ],
208 silly audit   classnames: [ '2.5.1' ],
208 silly audit   'enquire.js': [ '2.1.6' ],
208 silly audit   json2mq: [ '0.2.0' ],
208 silly audit   'lodash.debounce': [ '4.0.8' ],
208 silly audit   'resize-observer-polyfill': [ '1.5.1' ],
208 silly audit   'string-convert': [ '0.2.1' ]
208 silly audit }
209 verbose reify failed optional dependency C:\Users\LUBS\Desktop\Visionate\visionate\node_modules\fsevents
210 silly reify mark deleted [
210 silly reify   'C:\\Users\\LUBS\\Desktop\\Visionate\\visionate\\node_modules\\fsevents'
210 silly reify ]
211 verbose reify failed optional dependency C:\Users\LUBS\Desktop\Visionate\visionate\node_modules\@next\swc-win32-arm64-msvc
212 silly reify mark deleted [
212 silly reify   'C:\\Users\\LUBS\\Desktop\\Visionate\\visionate\\node_modules\\@next\\swc-win32-arm64-msvc'
212 silly reify ]
213 verbose reify failed optional dependency C:\Users\LUBS\Desktop\Visionate\visionate\node_modules\@next\swc-linux-x64-musl
214 silly reify mark deleted [
214 silly reify   'C:\\Users\\LUBS\\Desktop\\Visionate\\visionate\\node_modules\\@next\\swc-linux-x64-musl'
214 silly reify ]
215 verbose reify failed optional dependency C:\Users\LUBS\Desktop\Visionate\visionate\node_modules\@next\swc-linux-x64-gnu
216 silly reify mark deleted [
216 silly reify   'C:\\Users\\LUBS\\Desktop\\Visionate\\visionate\\node_modules\\@next\\swc-linux-x64-gnu'
216 silly reify ]
217 verbose reify failed optional dependency C:\Users\LUBS\Desktop\Visionate\visionate\node_modules\@next\swc-linux-arm64-musl
218 silly reify mark deleted [
218 silly reify   'C:\\Users\\LUBS\\Desktop\\Visionate\\visionate\\node_modules\\@next\\swc-linux-arm64-musl'
218 silly reify ]
219 verbose reify failed optional dependency C:\Users\LUBS\Desktop\Visionate\visionate\node_modules\@next\swc-linux-arm64-gnu
220 silly reify mark deleted [
220 silly reify   'C:\\Users\\LUBS\\Desktop\\Visionate\\visionate\\node_modules\\@next\\swc-linux-arm64-gnu'
220 silly reify ]
221 verbose reify failed optional dependency C:\Users\LUBS\Desktop\Visionate\visionate\node_modules\@next\swc-darwin-x64
222 silly reify mark deleted [
222 silly reify   'C:\\Users\\LUBS\\Desktop\\Visionate\\visionate\\node_modules\\@next\\swc-darwin-x64'
222 silly reify ]
223 verbose reify failed optional dependency C:\Users\LUBS\Desktop\Visionate\visionate\node_modules\@next\swc-darwin-arm64
224 silly reify mark deleted [
224 silly reify   'C:\\Users\\LUBS\\Desktop\\Visionate\\visionate\\node_modules\\@next\\swc-darwin-arm64'
224 silly reify ]
225 verbose reify failed optional dependency C:\Users\LUBS\Desktop\Visionate\visionate\node_modules\@img\sharp-win32-ia32
226 silly reify mark deleted [
226 silly reify   'C:\\Users\\LUBS\\Desktop\\Visionate\\visionate\\node_modules\\@img\\sharp-win32-ia32'
226 silly reify ]
227 verbose reify failed optional dependency C:\Users\LUBS\Desktop\Visionate\visionate\node_modules\@img\sharp-wasm32
228 silly reify mark deleted [
228 silly reify   'C:\\Users\\LUBS\\Desktop\\Visionate\\visionate\\node_modules\\@img\\sharp-wasm32'
228 silly reify ]
229 verbose reify failed optional dependency C:\Users\LUBS\Desktop\Visionate\visionate\node_modules\@emnapi\runtime
230 silly reify mark deleted [
230 silly reify   'C:\\Users\\LUBS\\Desktop\\Visionate\\visionate\\node_modules\\@emnapi\\runtime'
230 silly reify ]
231 verbose reify failed optional dependency C:\Users\LUBS\Desktop\Visionate\visionate\node_modules\@img\sharp-linuxmusl-x64
232 silly reify mark deleted [
232 silly reify   'C:\\Users\\LUBS\\Desktop\\Visionate\\visionate\\node_modules\\@img\\sharp-linuxmusl-x64'
232 silly reify ]
233 verbose reify failed optional dependency C:\Users\LUBS\Desktop\Visionate\visionate\node_modules\@img\sharp-linuxmusl-arm64
234 silly reify mark deleted [
234 silly reify   'C:\\Users\\LUBS\\Desktop\\Visionate\\visionate\\node_modules\\@img\\sharp-linuxmusl-arm64'
234 silly reify ]
235 verbose reify failed optional dependency C:\Users\LUBS\Desktop\Visionate\visionate\node_modules\@img\sharp-linux-x64
236 silly reify mark deleted [
236 silly reify   'C:\\Users\\LUBS\\Desktop\\Visionate\\visionate\\node_modules\\@img\\sharp-linux-x64'
236 silly reify ]
237 verbose reify failed optional dependency C:\Users\LUBS\Desktop\Visionate\visionate\node_modules\@img\sharp-linux-s390x
238 silly reify mark deleted [
238 silly reify   'C:\\Users\\LUBS\\Desktop\\Visionate\\visionate\\node_modules\\@img\\sharp-linux-s390x'
238 silly reify ]
239 verbose reify failed optional dependency C:\Users\LUBS\Desktop\Visionate\visionate\node_modules\@img\sharp-linux-arm64
240 silly reify mark deleted [
240 silly reify   'C:\\Users\\LUBS\\Desktop\\Visionate\\visionate\\node_modules\\@img\\sharp-linux-arm64'
240 silly reify ]
241 verbose reify failed optional dependency C:\Users\LUBS\Desktop\Visionate\visionate\node_modules\@img\sharp-linux-arm
242 silly reify mark deleted [
242 silly reify   'C:\\Users\\LUBS\\Desktop\\Visionate\\visionate\\node_modules\\@img\\sharp-linux-arm'
242 silly reify ]
243 verbose reify failed optional dependency C:\Users\LUBS\Desktop\Visionate\visionate\node_modules\@img\sharp-libvips-linuxmusl-x64
244 silly reify mark deleted [
244 silly reify   'C:\\Users\\LUBS\\Desktop\\Visionate\\visionate\\node_modules\\@img\\sharp-libvips-linuxmusl-x64'
244 silly reify ]
245 verbose reify failed optional dependency C:\Users\LUBS\Desktop\Visionate\visionate\node_modules\@img\sharp-libvips-linuxmusl-arm64
246 silly reify mark deleted [
246 silly reify   'C:\\Users\\LUBS\\Desktop\\Visionate\\visionate\\node_modules\\@img\\sharp-libvips-linuxmusl-arm64'
246 silly reify ]
247 verbose reify failed optional dependency C:\Users\LUBS\Desktop\Visionate\visionate\node_modules\@img\sharp-libvips-linux-x64
248 silly reify mark deleted [
248 silly reify   'C:\\Users\\LUBS\\Desktop\\Visionate\\visionate\\node_modules\\@img\\sharp-libvips-linux-x64'
248 silly reify ]
249 verbose reify failed optional dependency C:\Users\LUBS\Desktop\Visionate\visionate\node_modules\@img\sharp-libvips-linux-s390x
250 silly reify mark deleted [
250 silly reify   'C:\\Users\\LUBS\\Desktop\\Visionate\\visionate\\node_modules\\@img\\sharp-libvips-linux-s390x'
250 silly reify ]
251 verbose reify failed optional dependency C:\Users\LUBS\Desktop\Visionate\visionate\node_modules\@img\sharp-libvips-linux-arm64
252 silly reify mark deleted [
252 silly reify   'C:\\Users\\LUBS\\Desktop\\Visionate\\visionate\\node_modules\\@img\\sharp-libvips-linux-arm64'
252 silly reify ]
253 verbose reify failed optional dependency C:\Users\LUBS\Desktop\Visionate\visionate\node_modules\@img\sharp-libvips-linux-arm
254 silly reify mark deleted [
254 silly reify   'C:\\Users\\LUBS\\Desktop\\Visionate\\visionate\\node_modules\\@img\\sharp-libvips-linux-arm'
254 silly reify ]
255 verbose reify failed optional dependency C:\Users\LUBS\Desktop\Visionate\visionate\node_modules\@img\sharp-libvips-darwin-x64
256 silly reify mark deleted [
256 silly reify   'C:\\Users\\LUBS\\Desktop\\Visionate\\visionate\\node_modules\\@img\\sharp-libvips-darwin-x64'
256 silly reify ]
257 verbose reify failed optional dependency C:\Users\LUBS\Desktop\Visionate\visionate\node_modules\@img\sharp-libvips-darwin-arm64
258 silly reify mark deleted [
258 silly reify   'C:\\Users\\LUBS\\Desktop\\Visionate\\visionate\\node_modules\\@img\\sharp-libvips-darwin-arm64'
258 silly reify ]
259 verbose reify failed optional dependency C:\Users\LUBS\Desktop\Visionate\visionate\node_modules\@img\sharp-darwin-x64
260 silly reify mark deleted [
260 silly reify   'C:\\Users\\LUBS\\Desktop\\Visionate\\visionate\\node_modules\\@img\\sharp-darwin-x64'
260 silly reify ]
261 verbose reify failed optional dependency C:\Users\LUBS\Desktop\Visionate\visionate\node_modules\@img\sharp-darwin-arm64
262 silly reify mark deleted [
262 silly reify   'C:\\Users\\LUBS\\Desktop\\Visionate\\visionate\\node_modules\\@img\\sharp-darwin-arm64'
262 silly reify ]
263 http cache string-convert@https://registry.npmjs.org/string-convert/-/string-convert-0.2.1.tgz 1ms (cache hit)
264 http cache lodash.debounce@https://registry.npmjs.org/lodash.debounce/-/lodash.debounce-4.0.8.tgz 0ms (cache hit)
265 http cache resize-observer-polyfill@https://registry.npmjs.org/resize-observer-polyfill/-/resize-observer-polyfill-1.5.1.tgz 0ms (cache hit)
266 http cache json2mq@https://registry.npmjs.org/json2mq/-/json2mq-0.2.0.tgz 0ms (cache hit)
267 http cache classnames@https://registry.npmjs.org/classnames/-/classnames-2.5.1.tgz 0ms (cache hit)
268 http cache css-mediaquery@https://registry.npmjs.org/css-mediaquery/-/css-mediaquery-0.1.2.tgz 0ms (cache hit)
269 http cache matchmediaquery@https://registry.npmjs.org/matchmediaquery/-/matchmediaquery-0.4.2.tgz 0ms (cache hit)
270 http cache enquire.js@https://registry.npmjs.org/enquire.js/-/enquire.js-2.1.6.tgz 0ms (cache hit)
271 http cache shallow-equal@https://registry.npmjs.org/shallow-equal/-/shallow-equal-3.1.0.tgz 0ms (cache hit)
272 http cache hyphenate-style-name@https://registry.npmjs.org/hyphenate-style-name/-/hyphenate-style-name-1.1.0.tgz 0ms (cache hit)
273 http cache slick-carousel@https://registry.npmjs.org/slick-carousel/-/slick-carousel-1.8.1.tgz 0ms (cache hit)
274 http cache react-slick@https://registry.npmjs.org/react-slick/-/react-slick-0.30.3.tgz 0ms (cache hit)
275 http cache react-responsive@https://registry.npmjs.org/react-responsive/-/react-responsive-10.0.0.tgz 0ms (cache hit)
276 http cache jquery@https://registry.npmjs.org/jquery/-/jquery-3.7.1.tgz 0ms (cache hit)
277 http cache @radix-ui/react-toast@https://registry.npmjs.org/@radix-ui/react-toast/-/react-toast-1.2.5.tgz 0ms (cache hit)
278 http cache @radix-ui/react-label@https://registry.npmjs.org/@radix-ui/react-label/-/react-label-2.1.1.tgz 0ms (cache hit)
279 http cache @emnapi/runtime@https://registry.npmjs.org/@emnapi/runtime/-/runtime-1.3.1.tgz 0ms (cache hit)
280 silly tarball no local data for string-convert@https://registry.npmjs.org/string-convert/-/string-convert-0.2.1.tgz. Extracting by manifest.
281 silly tarball no local data for lodash.debounce@https://registry.npmjs.org/lodash.debounce/-/lodash.debounce-4.0.8.tgz. Extracting by manifest.
282 silly tarball no local data for resize-observer-polyfill@https://registry.npmjs.org/resize-observer-polyfill/-/resize-observer-polyfill-1.5.1.tgz. Extracting by manifest.
283 silly tarball no local data for json2mq@https://registry.npmjs.org/json2mq/-/json2mq-0.2.0.tgz. Extracting by manifest.
284 silly tarball no local data for classnames@https://registry.npmjs.org/classnames/-/classnames-2.5.1.tgz. Extracting by manifest.
285 silly tarball no local data for css-mediaquery@https://registry.npmjs.org/css-mediaquery/-/css-mediaquery-0.1.2.tgz. Extracting by manifest.
286 silly tarball no local data for matchmediaquery@https://registry.npmjs.org/matchmediaquery/-/matchmediaquery-0.4.2.tgz. Extracting by manifest.
287 silly tarball no local data for enquire.js@https://registry.npmjs.org/enquire.js/-/enquire.js-2.1.6.tgz. Extracting by manifest.
288 silly tarball no local data for shallow-equal@https://registry.npmjs.org/shallow-equal/-/shallow-equal-3.1.0.tgz. Extracting by manifest.
289 silly tarball no local data for hyphenate-style-name@https://registry.npmjs.org/hyphenate-style-name/-/hyphenate-style-name-1.1.0.tgz. Extracting by manifest.
290 silly tarball no local data for slick-carousel@https://registry.npmjs.org/slick-carousel/-/slick-carousel-1.8.1.tgz. Extracting by manifest.
291 silly tarball no local data for react-slick@https://registry.npmjs.org/react-slick/-/react-slick-0.30.3.tgz. Extracting by manifest.
292 silly tarball no local data for react-responsive@https://registry.npmjs.org/react-responsive/-/react-responsive-10.0.0.tgz. Extracting by manifest.
293 silly tarball no local data for jquery@https://registry.npmjs.org/jquery/-/jquery-3.7.1.tgz. Extracting by manifest.
294 silly tarball no local data for @radix-ui/react-toast@https://registry.npmjs.org/@radix-ui/react-toast/-/react-toast-1.2.5.tgz. Extracting by manifest.
295 silly tarball no local data for @radix-ui/react-label@https://registry.npmjs.org/@radix-ui/react-label/-/react-label-2.1.1.tgz. Extracting by manifest.
296 http fetch GET 200 https://registry.npmjs.org/lodash.debounce/-/lodash.debounce-4.0.8.tgz 452ms (cache miss)
297 http fetch GET 200 https://registry.npmjs.org/string-convert/-/string-convert-0.2.1.tgz 470ms (cache miss)
298 http fetch POST 200 https://registry.npmjs.org/-/npm/v1/security/advisories/bulk 711ms
299 silly audit report {}
300 http fetch GET 200 https://registry.npmjs.org/@radix-ui/react-label/-/react-label-2.1.1.tgz 989ms (cache miss)
301 http fetch GET 200 https://registry.npmjs.org/hyphenate-style-name/-/hyphenate-style-name-1.1.0.tgz 1512ms (cache miss)
302 http fetch GET 200 https://registry.npmjs.org/@radix-ui/react-toast/-/react-toast-1.2.5.tgz 1586ms (cache miss)
303 http fetch GET 200 https://registry.npmjs.org/enquire.js/-/enquire.js-2.1.6.tgz 1634ms (cache miss)
304 http fetch GET 200 https://registry.npmjs.org/classnames/-/classnames-2.5.1.tgz 1640ms (cache miss)
305 http fetch GET 200 https://registry.npmjs.org/react-slick/-/react-slick-0.30.3.tgz 2582ms (cache miss)
306 http fetch GET 200 https://registry.npmjs.org/css-mediaquery/-/css-mediaquery-0.1.2.tgz 2637ms (cache miss)
307 http fetch GET 200 https://registry.npmjs.org/json2mq/-/json2mq-0.2.0.tgz 2676ms (cache miss)
308 http fetch GET 200 https://registry.npmjs.org/matchmediaquery/-/matchmediaquery-0.4.2.tgz 2690ms (cache miss)
309 http fetch GET 200 https://registry.npmjs.org/shallow-equal/-/shallow-equal-3.1.0.tgz 2698ms (cache miss)
310 http fetch GET 200 https://registry.npmjs.org/react-responsive/-/react-responsive-10.0.0.tgz 2770ms (cache miss)
311 http fetch GET 200 https://registry.npmjs.org/slick-carousel/-/slick-carousel-1.8.1.tgz 3147ms (cache miss)
312 http fetch GET 200 https://registry.npmjs.org/jquery/-/jquery-3.7.1.tgz 4299ms (cache miss)
313 http fetch GET 200 https://registry.npmjs.org/resize-observer-polyfill/-/resize-observer-polyfill-1.5.1.tgz 5108ms (cache miss)
314 silly ADD node_modules/string-convert
315 silly ADD node_modules/resize-observer-polyfill
316 silly ADD node_modules/lodash.debounce
317 silly ADD node_modules/json2mq
318 silly ADD node_modules/enquire.js
319 silly ADD node_modules/classnames
320 silly ADD node_modules/css-mediaquery
321 silly ADD node_modules/shallow-equal
322 silly ADD node_modules/matchmediaquery
323 silly ADD node_modules/hyphenate-style-name
324 silly ADD node_modules/jquery
325 silly ADD node_modules/slick-carousel
326 silly ADD node_modules/react-slick
327 silly ADD node_modules/react-responsive
328 silly ADD node_modules/@radix-ui/react-toast
329 silly ADD node_modules/@radix-ui/react-label
330 silly ADD
331 silly ADD
332 silly ADD
333 silly ADD
334 silly ADD
335 silly ADD
336 silly ADD
337 silly ADD
338 silly ADD
339 silly ADD
340 silly ADD
341 silly ADD
342 silly ADD
343 silly ADD
344 silly ADD
345 silly ADD
346 silly ADD
347 silly ADD
348 silly ADD
349 silly ADD
350 silly ADD
351 silly ADD
352 silly ADD
353 silly ADD
354 silly ADD
355 silly ADD
356 silly ADD
357 verbose cwd C:\Users\LUBS\Desktop\Visionate\visionate
358 verbose os Windows_NT 10.0.19045
359 verbose node v22.13.1
360 verbose npm  v11.0.0
361 verbose exit 0
362 info ok
