0 verbose cli C:\Program Files\nodejs\node.exe C:\Users\LUBS\AppData\Roaming\npm\node_modules\npm\bin\npm-cli.js
1 info using npm@11.0.0
2 info using node@v22.13.1
3 silly config load:file:C:\Users\LUBS\AppData\Roaming\npm\node_modules\npm\npmrc
4 silly config load:file:c:\Users\LUBS\Desktop\Visionate\visionate\.npmrc
5 silly config load:file:C:\Users\LUBS\.npmrc
6 silly config load:file:C:\Users\LUBS\AppData\Roaming\npm\etc\npmrc
7 verbose title npm view @tailwindcss/container-queries description dist-tags.latest homepage version time
8 verbose argv "view" "--json" "--" "@tailwindcss/container-queries" "description" "dist-tags.latest" "homepage" "version" "time"
9 verbose logfile logs-max:10 dir:C:\Users\LUBS\Desktop\Visionate\visionate\npm-cache\_logs\2025-02-04T15_12_50_326Z-
10 verbose logfile C:\Users\LUBS\Desktop\Visionate\visionate\npm-cache\_logs\2025-02-04T15_12_50_326Z-debug-0.log
11 silly logfile start cleaning logs, removing 1 files
12 silly logfile done cleaning log files
13 http fetch GET 200 https://registry.npmjs.org/@tailwindcss%2fcontainer-queries 1384ms (cache updated)
14 verbose cwd c:\Users\LUBS\Desktop\Visionate\visionate
15 verbose os Windows_NT 10.0.19045
16 verbose node v22.13.1
17 verbose npm  v11.0.0
18 verbose exit 0
19 info ok
