0 verbose cli C:\Program Files\nodejs\node.exe C:\Users\LUBS\AppData\Roaming\npm\node_modules\npm\bin\npm-cli.js
1 info using npm@11.0.0
2 info using node@v22.13.1
3 silly config load:file:C:\Users\LUBS\AppData\Roaming\npm\node_modules\npm\npmrc
4 silly config load:file:C:\Users\LUBS\Desktop\Visionate\visionate\.npmrc
5 silly config load:file:C:\Users\LUBS\.npmrc
6 silly config load:file:C:\Users\LUBS\AppData\Roaming\npm\etc\npmrc
7 verbose title npm install next react react-dom @radix-ui/react-accordion @radix-ui/react-checkbox @radix-ui/react-dropdown-menu @radix-ui/react-label @radix-ui/react-select @radix-ui/react-slot @radix-ui/react-toast lucide-react framer-motion react-hook-form class-variance-authority clsx tailwind-merge react-slick slick-carousel react-responsive tailwindcss postcss autoprefixer
8 verbose argv "install" "next" "react" "react-dom" "@radix-ui/react-accordion" "@radix-ui/react-checkbox" "@radix-ui/react-dropdown-menu" "@radix-ui/react-label" "@radix-ui/react-select" "@radix-ui/react-slot" "@radix-ui/react-toast" "lucide-react" "framer-motion" "react-hook-form" "class-variance-authority" "clsx" "tailwind-merge" "react-slick" "slick-carousel" "react-responsive" "tailwindcss" "postcss" "autoprefixer"
9 verbose logfile logs-max:10 dir:C:\Users\LUBS\Desktop\Visionate\visionate\npm-cache\_logs\2025-02-04T15_15_45_527Z-
10 verbose logfile C:\Users\LUBS\Desktop\Visionate\visionate\npm-cache\_logs\2025-02-04T15_15_45_527Z-debug-0.log
11 silly logfile start cleaning logs, removing 1 files
12 silly packumentCache heap:4345298944 maxSize:1086324736 maxEntrySize:543162368
13 silly logfile done cleaning log files
14 silly idealTree buildDeps
15 silly fetch manifest @radix-ui/react-accordion@^1.2.2
16 silly packumentCache full:https://registry.npmjs.org/@radix-ui%2freact-accordion cache-miss
17 http fetch GET 200 https://registry.npmjs.org/@radix-ui%2freact-accordion 1164ms (cache updated)
18 silly packumentCache full:https://registry.npmjs.org/@radix-ui%2freact-accordion set size:undefined disposed:false
19 silly fetch manifest @types/react@^19.0.8
20 silly packumentCache full:https://registry.npmjs.org/@types%2freact cache-miss
21 http fetch GET 200 https://registry.npmjs.org/@types%2freact 334ms (cache updated)
22 silly packumentCache full:https://registry.npmjs.org/@types%2freact set size:undefined disposed:false
23 silly fetch manifest @types/react-dom@^19.0.3
24 silly packumentCache full:https://registry.npmjs.org/@types%2freact-dom cache-miss
25 http fetch GET 200 https://registry.npmjs.org/@types%2freact-dom 213ms (cache updated)
26 silly packumentCache full:https://registry.npmjs.org/@types%2freact-dom set size:undefined disposed:false
27 silly fetch manifest react@^19.0.0
28 silly packumentCache full:https://registry.npmjs.org/react cache-miss
29 http fetch GET 200 https://registry.npmjs.org/react 965ms (cache updated)
30 silly packumentCache full:https://registry.npmjs.org/react set size:undefined disposed:false
31 silly fetch manifest react-dom@^19.0.0
32 silly packumentCache full:https://registry.npmjs.org/react-dom cache-miss
33 http fetch GET 200 https://registry.npmjs.org/react-dom 1263ms (cache updated)
34 silly packumentCache full:https://registry.npmjs.org/react-dom set size:undefined disposed:false
35 silly fetch manifest @radix-ui/react-checkbox@^1.1.3
36 silly packumentCache full:https://registry.npmjs.org/@radix-ui%2freact-checkbox cache-miss
37 http fetch GET 200 https://registry.npmjs.org/@radix-ui%2freact-checkbox 3249ms (cache updated)
38 silly packumentCache full:https://registry.npmjs.org/@radix-ui%2freact-checkbox set size:undefined disposed:false
39 silly fetch manifest @radix-ui/react-dropdown-menu@^2.1.5
40 silly packumentCache full:https://registry.npmjs.org/@radix-ui%2freact-dropdown-menu cache-miss
41 http fetch GET 200 https://registry.npmjs.org/@radix-ui%2freact-dropdown-menu 1269ms (cache updated)
42 silly packumentCache full:https://registry.npmjs.org/@radix-ui%2freact-dropdown-menu set size:undefined disposed:false
43 silly fetch manifest @radix-ui/react-label@^2.1.1
44 silly packumentCache full:https://registry.npmjs.org/@radix-ui%2freact-label cache-miss
45 http fetch GET 200 https://registry.npmjs.org/@radix-ui%2freact-label 2335ms (cache updated)
46 silly packumentCache full:https://registry.npmjs.org/@radix-ui%2freact-label set size:undefined disposed:false
47 silly fetch manifest @radix-ui/react-select@^2.1.5
48 silly packumentCache full:https://registry.npmjs.org/@radix-ui%2freact-select cache-miss
49 http fetch GET 200 https://registry.npmjs.org/@radix-ui%2freact-select 1358ms (cache updated)
50 silly packumentCache full:https://registry.npmjs.org/@radix-ui%2freact-select set size:undefined disposed:false
51 silly fetch manifest @radix-ui/react-slot@^1.1.1
52 silly packumentCache full:https://registry.npmjs.org/@radix-ui%2freact-slot cache-miss
53 http fetch GET 200 https://registry.npmjs.org/@radix-ui%2freact-slot 607ms (cache updated)
54 silly packumentCache full:https://registry.npmjs.org/@radix-ui%2freact-slot set size:undefined disposed:false
55 silly fetch manifest @radix-ui/react-toast@^1.2.5
56 silly packumentCache full:https://registry.npmjs.org/@radix-ui%2freact-toast cache-miss
57 http fetch GET 200 https://registry.npmjs.org/@radix-ui%2freact-toast 1370ms (cache updated)
58 silly packumentCache full:https://registry.npmjs.org/@radix-ui%2freact-toast set size:undefined disposed:false
59 silly fetch manifest autoprefixer@^10.4.20
60 silly packumentCache full:https://registry.npmjs.org/autoprefixer cache-miss
61 http fetch GET 200 https://registry.npmjs.org/autoprefixer 1245ms (cache updated)
62 silly packumentCache full:https://registry.npmjs.org/autoprefixer set size:undefined disposed:false
63 silly fetch manifest postcss@^8.5.1
64 silly packumentCache full:https://registry.npmjs.org/postcss cache-miss
65 http fetch GET 200 https://registry.npmjs.org/postcss 620ms (cache updated)
66 silly packumentCache full:https://registry.npmjs.org/postcss set size:undefined disposed:false
67 silly fetch manifest class-variance-authority@^0.7.1
68 silly packumentCache full:https://registry.npmjs.org/class-variance-authority cache-miss
69 http fetch GET 200 https://registry.npmjs.org/class-variance-authority 516ms (cache updated)
70 silly packumentCache full:https://registry.npmjs.org/class-variance-authority set size:undefined disposed:false
71 silly fetch manifest clsx@^2.1.1
72 silly packumentCache full:https://registry.npmjs.org/clsx cache-miss
73 http fetch GET 200 https://registry.npmjs.org/clsx 178ms (cache updated)
74 silly packumentCache full:https://registry.npmjs.org/clsx set size:undefined disposed:false
75 silly fetch manifest framer-motion@^12.0.6
76 silly packumentCache full:https://registry.npmjs.org/framer-motion cache-miss
77 http fetch GET 200 https://registry.npmjs.org/framer-motion 2617ms (cache updated)
78 silly packumentCache full:https://registry.npmjs.org/framer-motion set size:undefined disposed:false
79 silly fetch manifest @emotion/is-prop-valid@*
80 silly packumentCache full:https://registry.npmjs.org/@emotion%2fis-prop-valid cache-miss
81 http fetch GET 200 https://registry.npmjs.org/@emotion%2fis-prop-valid 537ms (cache updated)
82 silly packumentCache full:https://registry.npmjs.org/@emotion%2fis-prop-valid set size:undefined disposed:false
83 silly fetch manifest lucide-react@^0.474.0
84 silly packumentCache full:https://registry.npmjs.org/lucide-react cache-miss
85 http fetch GET 200 https://registry.npmjs.org/lucide-react 1279ms (cache updated)
86 silly packumentCache full:https://registry.npmjs.org/lucide-react set size:undefined disposed:false
87 silly fetch manifest next@^15.1.6
88 silly packumentCache full:https://registry.npmjs.org/next cache-miss
89 http fetch GET 200 https://registry.npmjs.org/next 4785ms (cache updated)
90 silly packumentCache full:https://registry.npmjs.org/next set size:undefined disposed:false
91 silly fetch manifest @opentelemetry/api@^1.1.0
92 silly packumentCache full:https://registry.npmjs.org/@opentelemetry%2fapi cache-miss
93 http fetch GET 200 https://registry.npmjs.org/@opentelemetry%2fapi 697ms (cache updated)
94 silly packumentCache full:https://registry.npmjs.org/@opentelemetry%2fapi set size:undefined disposed:false
95 silly fetch manifest @playwright/test@^1.41.2
96 silly packumentCache full:https://registry.npmjs.org/@playwright%2ftest cache-miss
97 http fetch GET 200 https://registry.npmjs.org/@playwright%2ftest 2624ms (cache updated)
98 silly packumentCache full:https://registry.npmjs.org/@playwright%2ftest set size:undefined disposed:false
99 silly fetch manifest babel-plugin-react-compiler@*
100 silly packumentCache full:https://registry.npmjs.org/babel-plugin-react-compiler cache-miss
101 http fetch GET 200 https://registry.npmjs.org/babel-plugin-react-compiler 1115ms (cache updated)
102 silly packumentCache full:https://registry.npmjs.org/babel-plugin-react-compiler set size:undefined disposed:false
103 silly fetch manifest sass@^1.3.0
104 silly packumentCache full:https://registry.npmjs.org/sass cache-miss
105 http fetch GET 200 https://registry.npmjs.org/sass 342ms (cache updated)
106 silly packumentCache full:https://registry.npmjs.org/sass set size:undefined disposed:false
107 silly fetch manifest react-hook-form@^7.54.2
108 silly packumentCache full:https://registry.npmjs.org/react-hook-form cache-miss
109 http fetch GET 200 https://registry.npmjs.org/react-hook-form 3669ms (cache updated)
110 silly packumentCache full:https://registry.npmjs.org/react-hook-form set size:undefined disposed:false
111 silly fetch manifest react-responsive@^10.0.0
112 silly packumentCache full:https://registry.npmjs.org/react-responsive cache-miss
113 http fetch GET 200 https://registry.npmjs.org/react-responsive 671ms (cache updated)
114 silly packumentCache full:https://registry.npmjs.org/react-responsive set size:undefined disposed:false
115 silly fetch manifest react-slick@^0.30.3
116 silly packumentCache full:https://registry.npmjs.org/react-slick cache-miss
117 http fetch GET 200 https://registry.npmjs.org/react-slick 203ms (cache updated)
118 silly packumentCache full:https://registry.npmjs.org/react-slick set size:undefined disposed:false
119 silly fetch manifest slick-carousel@^1.8.1
120 silly packumentCache full:https://registry.npmjs.org/slick-carousel cache-miss
121 http fetch GET 200 https://registry.npmjs.org/slick-carousel 588ms (cache updated)
122 silly packumentCache full:https://registry.npmjs.org/slick-carousel set size:undefined disposed:false
123 silly fetch manifest jquery@>=1.8.0
124 silly packumentCache full:https://registry.npmjs.org/jquery cache-miss
125 http fetch GET 200 https://registry.npmjs.org/jquery 196ms (cache updated)
126 silly packumentCache full:https://registry.npmjs.org/jquery set size:undefined disposed:false
127 silly fetch manifest tailwind-merge@^3.0.1
128 silly packumentCache full:https://registry.npmjs.org/tailwind-merge cache-miss
129 http fetch GET 200 https://registry.npmjs.org/tailwind-merge 325ms (cache updated)
130 silly packumentCache full:https://registry.npmjs.org/tailwind-merge set size:undefined disposed:false
131 silly fetch manifest tailwindcss@^3.4.17
132 silly packumentCache full:https://registry.npmjs.org/tailwindcss cache-miss
133 http fetch GET 200 https://registry.npmjs.org/tailwindcss 1713ms (cache updated)
134 silly packumentCache full:https://registry.npmjs.org/tailwindcss set size:undefined disposed:false
135 silly placeDep ROOT @radix-ui/react-accordion@1.2.2 REPLACE for: visionate@0.1.0 want: ^1.2.2
136 silly placeDep ROOT @radix-ui/react-checkbox@1.1.3 REPLACE for: visionate@0.1.0 want: ^1.1.3
137 silly placeDep ROOT @radix-ui/react-dropdown-menu@2.1.5 REPLACE for: visionate@0.1.0 want: ^2.1.5
138 silly placeDep ROOT @radix-ui/react-label@2.1.1 REPLACE for: visionate@0.1.0 want: ^2.1.1
139 silly placeDep ROOT @radix-ui/react-select@2.1.5 REPLACE for: visionate@0.1.0 want: ^2.1.5
140 silly placeDep ROOT @radix-ui/react-slot@1.1.1 REPLACE for: visionate@0.1.0 want: ^1.1.1
141 silly placeDep ROOT @radix-ui/react-toast@1.2.5 REPLACE for: visionate@0.1.0 want: ^1.2.5
142 silly placeDep ROOT autoprefixer@10.4.20 REPLACE for: visionate@0.1.0 want: ^10.4.20
143 silly placeDep ROOT class-variance-authority@0.7.1 REPLACE for: visionate@0.1.0 want: ^0.7.1
144 silly placeDep ROOT clsx@2.1.1 REPLACE for: visionate@0.1.0 want: ^2.1.1
145 silly placeDep ROOT framer-motion@12.0.11 REPLACE for: visionate@0.1.0 want: ^12.0.6
146 silly placeDep ROOT lucide-react@0.474.0 REPLACE for: visionate@0.1.0 want: ^0.474.0
147 silly placeDep ROOT next@15.1.6 REPLACE for: visionate@0.1.0 want: ^15.1.6
148 silly placeDep ROOT postcss@8.5.1 REPLACE for: visionate@0.1.0 want: ^8.5.1
149 silly placeDep ROOT react@19.0.0 REPLACE for: visionate@0.1.0 want: ^19.0.0
150 silly placeDep ROOT react-dom@19.0.0 REPLACE for: visionate@0.1.0 want: ^19.0.0
151 silly placeDep ROOT react-hook-form@7.54.2 REPLACE for: visionate@0.1.0 want: ^7.54.2
152 silly placeDep ROOT react-responsive@10.0.0 REPLACE for: visionate@0.1.0 want: ^10.0.0
153 silly placeDep ROOT react-slick@0.30.3 REPLACE for: visionate@0.1.0 want: ^0.30.3
154 silly placeDep ROOT slick-carousel@1.8.1 REPLACE for: visionate@0.1.0 want: ^1.8.1
155 silly placeDep ROOT tailwind-merge@3.0.1 REPLACE for: visionate@0.1.0 want: ^3.0.1
156 silly placeDep ROOT tailwindcss@3.4.17 REPLACE for: visionate@0.1.0 want: ^3.4.17
157 silly reify mark retired [
157 silly reify   'C:\\Users\\LUBS\\Desktop\\Visionate\\visionate\\node_modules\\framer-motion'
157 silly reify ]
158 silly reify moves {
158 silly reify   'C:\\Users\\LUBS\\Desktop\\Visionate\\visionate\\node_modules\\framer-motion': 'C:\\Users\\LUBS\\Desktop\\Visionate\\visionate\\node_modules\\.framer-motion-ADhabO27'
158 silly reify }
159 silly audit bulk request {
159 silly audit   '@alloc/quick-lru': [ '5.2.0' ],
159 silly audit   '@emailjs/browser': [ '4.4.1' ],
159 silly audit   '@emnapi/runtime': [ '1.3.1' ],
159 silly audit   '@eslint-community/eslint-utils': [ '4.4.1' ],
159 silly audit   'eslint-visitor-keys': [ '3.4.3', '4.2.0' ],
159 silly audit   '@eslint-community/regexpp': [ '4.12.1' ],
159 silly audit   '@eslint/config-array': [ '0.19.2' ],
159 silly audit   '@eslint/core': [ '0.10.0' ],
159 silly audit   '@eslint/eslintrc': [ '3.2.0' ],
159 silly audit   '@eslint/js': [ '9.19.0' ],
159 silly audit   '@eslint/object-schema': [ '2.1.6' ],
159 silly audit   '@eslint/plugin-kit': [ '0.2.5' ],
159 silly audit   '@floating-ui/core': [ '1.6.9' ],
159 silly audit   '@floating-ui/dom': [ '1.6.13' ],
159 silly audit   '@floating-ui/react-dom': [ '2.1.2' ],
159 silly audit   '@floating-ui/utils': [ '0.2.9' ],
159 silly audit   '@hookform/resolvers': [ '3.10.0' ],
159 silly audit   '@humanfs/core': [ '0.19.1' ],
159 silly audit   '@humanfs/node': [ '0.16.6' ],
159 silly audit   '@humanwhocodes/retry': [ '0.3.1', '0.4.1' ],
159 silly audit   '@humanwhocodes/module-importer': [ '1.0.1' ],
159 silly audit   '@img/sharp-darwin-arm64': [ '0.33.5' ],
159 silly audit   '@img/sharp-darwin-x64': [ '0.33.5' ],
159 silly audit   '@img/sharp-libvips-darwin-arm64': [ '1.0.4' ],
159 silly audit   '@img/sharp-libvips-darwin-x64': [ '1.0.4' ],
159 silly audit   '@img/sharp-libvips-linux-arm': [ '1.0.5' ],
159 silly audit   '@img/sharp-libvips-linux-arm64': [ '1.0.4' ],
159 silly audit   '@img/sharp-libvips-linux-s390x': [ '1.0.4' ],
159 silly audit   '@img/sharp-libvips-linux-x64': [ '1.0.4' ],
159 silly audit   '@img/sharp-libvips-linuxmusl-arm64': [ '1.0.4' ],
159 silly audit   '@img/sharp-libvips-linuxmusl-x64': [ '1.0.4' ],
159 silly audit   '@img/sharp-linux-arm': [ '0.33.5' ],
159 silly audit   '@img/sharp-linux-arm64': [ '0.33.5' ],
159 silly audit   '@img/sharp-linux-s390x': [ '0.33.5' ],
159 silly audit   '@img/sharp-linux-x64': [ '0.33.5' ],
159 silly audit   '@img/sharp-linuxmusl-arm64': [ '0.33.5' ],
159 silly audit   '@img/sharp-linuxmusl-x64': [ '0.33.5' ],
159 silly audit   '@img/sharp-wasm32': [ '0.33.5' ],
159 silly audit   '@img/sharp-win32-ia32': [ '0.33.5' ],
159 silly audit   '@img/sharp-win32-x64': [ '0.33.5' ],
159 silly audit   '@isaacs/cliui': [ '8.0.2' ],
159 silly audit   '@jridgewell/gen-mapping': [ '0.3.8' ],
159 silly audit   '@jridgewell/resolve-uri': [ '3.1.2' ],
159 silly audit   '@jridgewell/set-array': [ '1.2.1' ],
159 silly audit   '@jridgewell/sourcemap-codec': [ '1.5.0' ],
159 silly audit   '@jridgewell/trace-mapping': [ '0.3.25' ],
159 silly audit   '@next/env': [ '15.1.6' ],
159 silly audit   '@next/eslint-plugin-next': [ '15.1.6' ],
159 silly audit   '@next/swc-darwin-arm64': [ '15.1.6' ],
159 silly audit   '@next/swc-darwin-x64': [ '15.1.6' ],
159 silly audit   '@next/swc-linux-arm64-gnu': [ '15.1.6' ],
159 silly audit   '@next/swc-linux-arm64-musl': [ '15.1.6' ],
159 silly audit   '@next/swc-linux-x64-gnu': [ '15.1.6' ],
159 silly audit   '@next/swc-linux-x64-musl': [ '15.1.6' ],
159 silly audit   '@next/swc-win32-arm64-msvc': [ '15.1.6' ],
159 silly audit   '@next/swc-win32-x64-msvc': [ '15.1.6' ],
159 silly audit   '@nodelib/fs.scandir': [ '2.1.5' ],
159 silly audit   '@nodelib/fs.stat': [ '2.0.5' ],
159 silly audit   '@nodelib/fs.walk': [ '1.2.8' ],
159 silly audit   '@nolyfill/is-core-module': [ '1.0.39' ],
159 silly audit   '@pkgjs/parseargs': [ '0.11.0' ],
159 silly audit   '@radix-ui/number': [ '1.1.0' ],
159 silly audit   '@radix-ui/primitive': [ '1.1.1' ],
159 silly audit   '@radix-ui/react-arrow': [ '1.1.1' ],
159 silly audit   '@radix-ui/react-collapsible': [ '1.1.2' ],
159 silly audit   '@radix-ui/react-collection': [ '1.1.1' ],
159 silly audit   '@radix-ui/react-compose-refs': [ '1.1.1' ],
159 silly audit   '@radix-ui/react-context': [ '1.1.1' ],
159 silly audit   '@radix-ui/react-direction': [ '1.1.0' ],
159 silly audit   '@radix-ui/react-dismissable-layer': [ '1.1.4' ],
159 silly audit   '@radix-ui/react-focus-guards': [ '1.1.1' ],
159 silly audit   '@radix-ui/react-focus-scope': [ '1.1.1' ],
159 silly audit   '@radix-ui/react-id': [ '1.1.0' ],
159 silly audit   '@radix-ui/react-menu': [ '2.1.5' ],
159 silly audit   '@radix-ui/react-popper': [ '1.2.1' ],
159 silly audit   '@radix-ui/react-portal': [ '1.1.3' ],
159 silly audit   '@radix-ui/react-presence': [ '1.1.2' ],
159 silly audit   '@radix-ui/react-primitive': [ '2.0.1' ],
159 silly audit   '@radix-ui/react-roving-focus': [ '1.1.1' ],
159 silly audit   '@radix-ui/react-use-callback-ref': [ '1.1.0' ],
159 silly audit   '@radix-ui/react-use-controllable-state': [ '1.1.0' ],
159 silly audit   '@radix-ui/react-use-escape-keydown': [ '1.1.0' ],
159 silly audit   '@radix-ui/react-use-layout-effect': [ '1.1.0' ],
159 silly audit   '@radix-ui/react-use-previous': [ '1.1.0' ],
159 silly audit   '@radix-ui/react-use-rect': [ '1.1.0' ],
159 silly audit   '@radix-ui/react-use-size': [ '1.1.0' ],
159 silly audit   '@radix-ui/react-visually-hidden': [ '1.1.1' ],
159 silly audit   '@radix-ui/rect': [ '1.1.0' ],
159 silly audit   '@rtsao/scc': [ '1.1.0' ],
159 silly audit   '@rushstack/eslint-patch': [ '1.10.5' ],
159 silly audit   '@swc/counter': [ '0.1.3' ],
159 silly audit   '@swc/helpers': [ '0.5.15' ],
159 silly audit   '@tailwindcss/container-queries': [ '0.1.1' ],
159 silly audit   '@types/estree': [ '1.0.6' ],
159 silly audit   '@types/json-schema': [ '7.0.15' ],
159 silly audit   '@types/json5': [ '0.0.29' ],
159 silly audit   '@types/node': [ '20.17.16' ],
159 silly audit   '@types/nodemailer': [ '6.4.17' ],
159 silly audit   '@types/react': [ '19.0.8' ],
159 silly audit   '@types/react-dom': [ '19.0.3' ],
159 silly audit   '@types/react-slick': [ '0.23.13' ],
159 silly audit   '@typescript-eslint/eslint-plugin': [ '8.22.0' ],
159 silly audit   '@typescript-eslint/parser': [ '8.22.0' ],
159 silly audit   '@typescript-eslint/scope-manager': [ '8.22.0' ],
159 silly audit   '@typescript-eslint/type-utils': [ '8.22.0' ],
159 silly audit   '@typescript-eslint/types': [ '8.22.0' ],
159 silly audit   '@typescript-eslint/typescript-estree': [ '8.22.0' ],
159 silly audit   'brace-expansion': [ '2.0.1', '1.1.11' ],
159 silly audit   'fast-glob': [ '3.3.3', '3.3.1' ],
159 silly audit   'glob-parent': [ '5.1.2', '6.0.2' ],
159 silly audit   minimatch: [ '9.0.5', '3.1.2' ],
159 silly audit   '@typescript-eslint/utils': [ '8.22.0' ],
159 silly audit   '@typescript-eslint/visitor-keys': [ '8.22.0' ],
159 silly audit   '@vercel/analytics': [ '1.4.1' ],
159 silly audit   acorn: [ '8.14.0' ],
159 silly audit   'acorn-jsx': [ '5.3.2' ],
159 silly audit   ajv: [ '6.12.6' ],
159 silly audit   'ansi-regex': [ '6.1.0', '5.0.1' ],
159 silly audit   'ansi-styles': [ '4.3.0', '6.2.1' ],
159 silly audit   'any-promise': [ '1.3.0' ],
159 silly audit   anymatch: [ '3.1.3' ],
159 silly audit   arg: [ '5.0.2' ],
159 silly audit   argparse: [ '2.0.1' ],
159 silly audit   'aria-hidden': [ '1.2.4' ],
159 silly audit   'aria-query': [ '5.3.2' ],
159 silly audit   'array-buffer-byte-length': [ '1.0.2' ],
159 silly audit   'array-includes': [ '3.1.8' ],
159 silly audit   'array.prototype.findlast': [ '1.2.5' ],
159 silly audit   'array.prototype.findlastindex': [ '1.2.5' ],
159 silly audit   'array.prototype.flat': [ '1.3.3' ],
159 silly audit   'array.prototype.flatmap': [ '1.3.3' ],
159 silly audit   'array.prototype.tosorted': [ '1.1.4' ],
159 silly audit   'arraybuffer.prototype.slice': [ '1.0.4' ],
159 silly audit   'ast-types-flow': [ '0.0.8' ],
159 silly audit   'async-function': [ '1.0.0' ],
159 silly audit   'available-typed-arrays': [ '1.0.7' ],
159 silly audit   'axe-core': [ '4.10.2' ],
159 silly audit   'axobject-query': [ '4.1.0' ],
159 silly audit   'balanced-match': [ '1.0.2' ],
159 silly audit   'binary-extensions': [ '2.3.0' ],
159 silly audit   braces: [ '3.0.3' ],
159 silly audit   browserslist: [ '4.24.4' ],
159 silly audit   busboy: [ '1.6.0' ],
159 silly audit   'call-bind': [ '1.0.8' ],
159 silly audit   'call-bind-apply-helpers': [ '1.0.1' ],
159 silly audit   'call-bound': [ '1.0.3' ],
159 silly audit   callsites: [ '3.1.0' ],
159 silly audit   'camelcase-css': [ '2.0.1' ],
159 silly audit   'caniuse-lite': [ '1.0.30001696' ],
159 silly audit   chalk: [ '4.1.2' ],
159 silly audit   chokidar: [ '3.6.0' ],
159 silly audit   classnames: [ '2.5.1' ],
159 silly audit   'client-only': [ '0.0.1' ],
159 silly audit   color: [ '4.2.3' ],
159 silly audit   'color-convert': [ '2.0.1' ],
159 silly audit   'color-name': [ '1.1.4' ],
159 silly audit   'color-string': [ '1.9.1' ],
159 silly audit   commander: [ '4.1.1' ],
159 silly audit   'concat-map': [ '0.0.1' ],
159 silly audit   'cross-spawn': [ '7.0.6' ],
159 silly audit   'css-mediaquery': [ '0.1.2' ],
159 silly audit   cssesc: [ '3.0.0' ],
159 silly audit   csstype: [ '3.1.3' ],
159 silly audit   'damerau-levenshtein': [ '1.0.8' ],
159 silly audit   'data-view-buffer': [ '1.0.2' ],
159 silly audit   'data-view-byte-length': [ '1.0.2' ],
159 silly audit   'data-view-byte-offset': [ '1.0.1' ],
159 silly audit   debug: [ '4.4.0', '3.2.7' ],
159 silly audit   'deep-is': [ '0.1.4' ],
159 silly audit   'define-data-property': [ '1.1.4' ],
159 silly audit   'define-properties': [ '1.2.1' ],
159 silly audit   'detect-libc': [ '2.0.3' ],
159 silly audit   'detect-node-es': [ '1.1.0' ],
159 silly audit   didyoumean: [ '1.2.2' ],
159 silly audit   dlv: [ '1.1.3' ],
159 silly audit   doctrine: [ '2.1.0' ],
159 silly audit   'dunder-proto': [ '1.0.1' ],
159 silly audit   eastasianwidth: [ '0.2.0' ],
159 silly audit   'electron-to-chromium': [ '1.5.90' ],
159 silly audit   'emoji-regex': [ '9.2.2', '8.0.0' ],
159 silly audit   'enhanced-resolve': [ '5.18.0' ],
159 silly audit   'enquire.js': [ '2.1.6' ],
159 silly audit   'es-abstract': [ '1.23.9' ],
159 silly audit   'es-define-property': [ '1.0.1' ],
159 silly audit   'es-errors': [ '1.3.0' ],
159 silly audit   'es-iterator-helpers': [ '1.2.1' ],
159 silly audit   'es-object-atoms': [ '1.1.1' ],
159 silly audit   'es-set-tostringtag': [ '2.1.0' ],
159 silly audit   'es-shim-unscopables': [ '1.0.2' ],
159 silly audit   'es-to-primitive': [ '1.3.0' ],
159 silly audit   escalade: [ '3.2.0' ],
159 silly audit   'escape-string-regexp': [ '4.0.0' ],
159 silly audit   eslint: [ '9.19.0' ],
159 silly audit   'eslint-config-next': [ '15.1.6' ],
159 silly audit   'eslint-import-resolver-node': [ '0.3.9' ],
159 silly audit   'eslint-import-resolver-typescript': [ '3.7.0' ],
159 silly audit   'eslint-module-utils': [ '2.12.0' ],
159 silly audit   'eslint-plugin-import': [ '2.31.0' ],
159 silly audit   semver: [ '6.3.1', '7.7.0' ],
159 silly audit   'eslint-plugin-jsx-a11y': [ '6.10.2' ],
159 silly audit   'eslint-plugin-react': [ '7.37.4' ],
159 silly audit   'eslint-plugin-react-hooks': [ '5.1.0' ],
159 silly audit   resolve: [ '2.0.0-next.5', '1.22.10' ],
159 silly audit   'eslint-scope': [ '8.2.0' ],
159 silly audit   espree: [ '10.3.0' ],
159 silly audit   esquery: [ '1.6.0' ],
159 silly audit   esrecurse: [ '4.3.0' ],
159 silly audit   estraverse: [ '5.3.0' ],
159 silly audit   esutils: [ '2.0.3' ],
159 silly audit   'fast-deep-equal': [ '3.1.3' ],
159 silly audit   'fast-json-stable-stringify': [ '2.1.0' ],
159 silly audit   'fast-levenshtein': [ '2.0.6' ],
159 silly audit   fastq: [ '1.19.0' ],
159 silly audit   'file-entry-cache': [ '8.0.0' ],
159 silly audit   'fill-range': [ '7.1.1' ],
159 silly audit   'find-up': [ '5.0.0' ],
159 silly audit   'flat-cache': [ '4.0.1' ],
159 silly audit   flatted: [ '3.3.2' ],
159 silly audit   'for-each': [ '0.3.4' ],
159 silly audit   'foreground-child': [ '3.3.0' ],
159 silly audit   'fraction.js': [ '4.3.7' ],
159 silly audit   fsevents: [ '2.3.3' ],
159 silly audit   'function-bind': [ '1.1.2' ],
159 silly audit   'function.prototype.name': [ '1.1.8' ],
159 silly audit   'functions-have-names': [ '1.2.3' ],
159 silly audit   'get-intrinsic': [ '1.2.7' ],
159 silly audit   'get-nonce': [ '1.0.1' ],
159 silly audit   'get-proto': [ '1.0.1' ],
159 silly audit   'get-symbol-description': [ '1.1.0' ],
159 silly audit   'get-tsconfig': [ '4.10.0' ],
159 silly audit   glob: [ '10.4.5' ],
159 silly audit   globals: [ '14.0.0' ],
159 silly audit   globalthis: [ '1.0.4' ],
159 silly audit   gopd: [ '1.2.0' ],
159 silly audit   'graceful-fs': [ '4.2.11' ],
159 silly audit   graphemer: [ '1.4.0' ],
159 silly audit   'has-bigints': [ '1.1.0' ],
159 silly audit   'has-flag': [ '4.0.0' ],
159 silly audit   'has-property-descriptors': [ '1.0.2' ],
159 silly audit   'has-proto': [ '1.2.0' ],
159 silly audit   'has-symbols': [ '1.1.0' ],
159 silly audit   'has-tostringtag': [ '1.0.2' ],
159 silly audit   hasown: [ '2.0.2' ],
159 silly audit   'hyphenate-style-name': [ '1.1.0' ],
159 silly audit   ignore: [ '5.3.2' ],
159 silly audit   'import-fresh': [ '3.3.0' ],
159 silly audit   imurmurhash: [ '0.1.4' ],
159 silly audit   'internal-slot': [ '1.1.0' ],
159 silly audit   'is-array-buffer': [ '3.0.5' ],
159 silly audit   'is-arrayish': [ '0.3.2' ],
159 silly audit   'is-async-function': [ '2.1.1' ],
159 silly audit   'is-bigint': [ '1.1.0' ],
159 silly audit   'is-binary-path': [ '2.1.0' ],
159 silly audit   'is-boolean-object': [ '1.2.1' ],
159 silly audit   'is-bun-module': [ '1.3.0' ],
159 silly audit   'is-callable': [ '1.2.7' ],
159 silly audit   'is-core-module': [ '2.16.1' ],
159 silly audit   'is-data-view': [ '1.0.2' ],
159 silly audit   'is-date-object': [ '1.1.0' ],
159 silly audit   'is-extglob': [ '2.1.1' ],
159 silly audit   'is-finalizationregistry': [ '1.1.1' ],
159 silly audit   'is-fullwidth-code-point': [ '3.0.0' ],
159 silly audit   'is-generator-function': [ '1.1.0' ],
159 silly audit   'is-glob': [ '4.0.3' ],
159 silly audit   'is-map': [ '2.0.3' ],
159 silly audit   'is-number': [ '7.0.0' ],
159 silly audit   'is-number-object': [ '1.1.1' ],
159 silly audit   'is-regex': [ '1.2.1' ],
159 silly audit   'is-set': [ '2.0.3' ],
159 silly audit   'is-shared-array-buffer': [ '1.0.4' ],
159 silly audit   'is-string': [ '1.1.1' ],
159 silly audit   'is-symbol': [ '1.1.1' ],
159 silly audit   'is-typed-array': [ '1.1.15' ],
159 silly audit   'is-weakmap': [ '2.0.2' ],
159 silly audit   'is-weakref': [ '1.1.0' ],
159 silly audit   'is-weakset': [ '2.0.4' ],
159 silly audit   isarray: [ '2.0.5' ],
159 silly audit   isexe: [ '2.0.0' ],
159 silly audit   'iterator.prototype': [ '1.1.5' ],
159 silly audit   jackspeak: [ '3.4.3' ],
159 silly audit   jiti: [ '1.21.7' ],
159 silly audit   jquery: [ '3.7.1' ],
159 silly audit   'js-tokens': [ '4.0.0' ],
159 silly audit   'js-yaml': [ '4.1.0' ],
159 silly audit   'json-buffer': [ '3.0.1' ],
159 silly audit   'json-schema-traverse': [ '0.4.1' ],
159 silly audit   'json-stable-stringify-without-jsonify': [ '1.0.1' ],
159 silly audit   json2mq: [ '0.2.0' ],
159 silly audit   json5: [ '1.0.2' ],
159 silly audit   'jsx-ast-utils': [ '3.3.5' ],
159 silly audit   keyv: [ '4.5.4' ],
159 silly audit   'language-subtag-registry': [ '0.3.23' ],
159 silly audit   'language-tags': [ '1.0.9' ],
159 silly audit   levn: [ '0.4.1' ],
159 silly audit   lilconfig: [ '3.1.3' ],
159 silly audit   'lines-and-columns': [ '1.2.4' ],
159 silly audit   'locate-path': [ '6.0.0' ],
159 silly audit   'lodash.debounce': [ '4.0.8' ],
159 silly audit   'lodash.merge': [ '4.6.2' ],
159 silly audit   'loose-envify': [ '1.4.0' ],
159 silly audit   'lru-cache': [ '10.4.3' ],
159 silly audit   matchmediaquery: [ '0.4.2' ],
159 silly audit   'math-intrinsics': [ '1.1.0' ],
159 silly audit   merge2: [ '1.4.1' ],
159 silly audit   micromatch: [ '4.0.8' ],
159 silly audit   minimist: [ '1.2.8' ],
159 silly audit   minipass: [ '7.1.2' ],
159 silly audit   motion: [ '12.0.6' ],
159 silly audit   'motion-dom': [ '12.0.0' ],
159 silly audit   'motion-utils': [ '12.0.0' ],
159 silly audit   ms: [ '2.1.3' ],
159 silly audit   mz: [ '2.7.0' ],
159 silly audit   nanoid: [ '3.3.8' ],
159 silly audit   'natural-compare': [ '1.4.0' ],
159 silly audit   postcss: [ '8.4.31', '8.5.1' ],
159 silly audit   'node-releases': [ '2.0.19' ],
159 silly audit   'normalize-path': [ '3.0.0' ],
159 silly audit   'normalize-range': [ '0.1.2' ],
159 silly audit   'object-assign': [ '4.1.1' ],
159 silly audit   'object-hash': [ '3.0.0' ],
159 silly audit   'object-inspect': [ '1.13.3' ],
159 silly audit   'object-keys': [ '1.1.1' ],
159 silly audit   'object.assign': [ '4.1.7' ],
159 silly audit   'object.entries': [ '1.1.8' ],
159 silly audit   'object.fromentries': [ '2.0.8' ],
159 silly audit   'object.groupby': [ '1.0.3' ],
159 silly audit   'object.values': [ '1.2.1' ],
159 silly audit   optionator: [ '0.9.4' ],
159 silly audit   'own-keys': [ '1.0.1' ],
159 silly audit   'p-limit': [ '3.1.0' ],
159 silly audit   'p-locate': [ '5.0.0' ],
159 silly audit   'package-json-from-dist': [ '1.0.1' ],
159 silly audit   'parent-module': [ '1.0.1' ],
159 silly audit   'path-exists': [ '4.0.0' ],
159 silly audit   'path-key': [ '3.1.1' ],
159 silly audit   'path-parse': [ '1.0.7' ],
159 silly audit   'path-scurry': [ '1.11.1' ],
159 silly audit   picocolors: [ '1.1.1' ],
159 silly audit   picomatch: [ '2.3.1' ],
159 silly audit   pify: [ '2.3.0' ],
159 silly audit   pirates: [ '4.0.6' ],
159 silly audit   'possible-typed-array-names': [ '1.0.0' ],
159 silly audit   'postcss-import': [ '15.1.0' ],
159 silly audit   'postcss-js': [ '4.0.1' ],
159 silly audit   'postcss-load-config': [ '4.0.2' ],
159 silly audit   'postcss-nested': [ '6.2.0' ],
159 silly audit   'postcss-selector-parser': [ '6.1.2' ],
159 silly audit   'postcss-value-parser': [ '4.2.0' ],
159 silly audit   'prelude-ls': [ '1.2.1' ],
159 silly audit   'prop-types': [ '15.8.1' ],
159 silly audit   punycode: [ '2.3.1' ],
159 silly audit   'queue-microtask': [ '1.2.3' ],
159 silly audit   'react-calendly': [ '4.3.1' ],
159 silly audit   'react-icons': [ '5.4.0' ],
159 silly audit   'react-is': [ '16.13.1' ],
159 silly audit   'react-remove-scroll': [ '2.6.3' ],
159 silly audit   'react-remove-scroll-bar': [ '2.3.8' ],
159 silly audit   'react-style-singleton': [ '2.2.3' ],
159 silly audit   'read-cache': [ '1.0.0' ],
159 silly audit   readdirp: [ '3.6.0' ],
159 silly audit   'reflect.getprototypeof': [ '1.0.10' ],
159 silly audit   'regexp.prototype.flags': [ '1.5.4' ],
159 silly audit   'resize-observer-polyfill': [ '1.5.1' ],
159 silly audit   'resolve-from': [ '4.0.0' ],
159 silly audit   'resolve-pkg-maps': [ '1.0.0' ],
159 silly audit   reusify: [ '1.0.4' ],
159 silly audit   'run-parallel': [ '1.2.0' ],
159 silly audit   'safe-array-concat': [ '1.1.3' ],
159 silly audit   'safe-push-apply': [ '1.0.0' ],
159 silly audit   'safe-regex-test': [ '1.1.0' ],
159 silly audit   scheduler: [ '0.25.0' ],
159 silly audit   'set-function-length': [ '1.2.2' ],
159 silly audit   'set-function-name': [ '2.0.2' ],
159 silly audit   'set-proto': [ '1.0.0' ],
159 silly audit   'shallow-equal': [ '3.1.0' ],
159 silly audit   sharp: [ '0.33.5' ],
159 silly audit   'shebang-command': [ '2.0.0' ],
159 silly audit   'shebang-regex': [ '3.0.0' ],
159 silly audit   'side-channel': [ '1.1.0' ],
159 silly audit   'side-channel-list': [ '1.0.0' ],
159 silly audit   'side-channel-map': [ '1.0.1' ],
159 silly audit   'side-channel-weakmap': [ '1.0.2' ],
159 silly audit   'signal-exit': [ '4.1.0' ],
159 silly audit   'simple-swizzle': [ '0.2.2' ],
159 silly audit   'source-map-js': [ '1.2.1' ],
159 silly audit   'stable-hash': [ '0.0.4' ],
159 silly audit   streamsearch: [ '1.1.0' ],
159 silly audit   'string-convert': [ '0.2.1' ],
159 silly audit   'string-width': [ '5.1.2', '4.2.3' ],
159 silly audit   'strip-ansi': [ '6.0.1', '7.1.0' ],
159 silly audit   'string.prototype.includes': [ '2.0.1' ],
159 silly audit   'string.prototype.matchall': [ '4.0.12' ],
159 silly audit   'string.prototype.repeat': [ '1.0.0' ],
159 silly audit   'string.prototype.trim': [ '1.2.10' ],
159 silly audit   'string.prototype.trimend': [ '1.0.9' ],
159 silly audit   'string.prototype.trimstart': [ '1.0.8' ],
159 silly audit   'strip-bom': [ '3.0.0' ],
159 silly audit   'strip-json-comments': [ '3.1.1' ],
159 silly audit   'styled-jsx': [ '5.1.6' ],
159 silly audit   sucrase: [ '3.35.0' ],
159 silly audit   'supports-color': [ '7.2.0' ],
159 silly audit   'supports-preserve-symlinks-flag': [ '1.0.0' ],
159 silly audit   'tailwindcss-animate': [ '1.0.7' ],
159 silly audit   tapable: [ '2.2.1' ],
159 silly audit   thenify: [ '3.3.1' ],
159 silly audit   'thenify-all': [ '1.6.0' ],
159 silly audit   'to-regex-range': [ '5.0.1' ],
159 silly audit   'ts-api-utils': [ '2.0.0' ],
159 silly audit   'ts-interface-checker': [ '0.1.13' ],
159 silly audit   'tsconfig-paths': [ '3.15.0' ],
159 silly audit   tslib: [ '2.8.1' ],
159 silly audit   'type-check': [ '0.4.0' ],
159 silly audit   'typed-array-buffer': [ '1.0.3' ],
159 silly audit   'typed-array-byte-length': [ '1.0.3' ],
159 silly audit   'typed-array-byte-offset': [ '1.0.4' ],
159 silly audit   'typed-array-length': [ '1.0.7' ],
159 silly audit   typescript: [ '5.7.3' ],
159 silly audit   'unbox-primitive': [ '1.1.0' ],
159 silly audit   'undici-types': [ '6.19.8' ],
159 silly audit   'update-browserslist-db': [ '1.1.2' ],
159 silly audit   'uri-js': [ '4.4.1' ],
159 silly audit   'use-callback-ref': [ '1.3.3' ],
159 silly audit   'use-sidecar': [ '1.1.3' ],
159 silly audit   'util-deprecate': [ '1.0.2' ],
159 silly audit   which: [ '2.0.2' ],
159 silly audit   'which-boxed-primitive': [ '1.1.1' ],
159 silly audit   'which-builtin-type': [ '1.2.1' ],
159 silly audit   'which-collection': [ '1.0.2' ],
159 silly audit   'which-typed-array': [ '1.1.18' ],
159 silly audit   'word-wrap': [ '1.2.5' ],
159 silly audit   'wrap-ansi': [ '8.1.0', '7.0.0' ],
159 silly audit   yaml: [ '2.7.0' ],
159 silly audit   'yocto-queue': [ '0.1.0' ],
159 silly audit   zod: [ '3.24.1' ],
159 silly audit   '@radix-ui/react-accordion': [ '1.2.2' ],
159 silly audit   '@radix-ui/react-checkbox': [ '1.1.3' ],
159 silly audit   '@radix-ui/react-dropdown-menu': [ '2.1.5' ],
159 silly audit   '@radix-ui/react-label': [ '2.1.1' ],
159 silly audit   '@radix-ui/react-select': [ '2.1.5' ],
159 silly audit   '@radix-ui/react-slot': [ '1.1.1' ],
159 silly audit   '@radix-ui/react-toast': [ '1.2.5' ],
159 silly audit   autoprefixer: [ '10.4.20' ],
159 silly audit   'class-variance-authority': [ '0.7.1' ],
159 silly audit   clsx: [ '2.1.1' ],
159 silly audit   'framer-motion': [ '12.0.11' ],
159 silly audit   'lucide-react': [ '0.474.0' ],
159 silly audit   next: [ '15.1.6' ],
159 silly audit   react: [ '19.0.0' ],
159 silly audit   'react-dom': [ '19.0.0' ],
159 silly audit   'react-hook-form': [ '7.54.2' ],
159 silly audit   'react-responsive': [ '10.0.0' ],
159 silly audit   'react-slick': [ '0.30.3' ],
159 silly audit   'slick-carousel': [ '1.8.1' ],
159 silly audit   'tailwind-merge': [ '3.0.1' ],
159 silly audit   tailwindcss: [ '3.4.17' ]
159 silly audit }
160 verbose reify failed optional dependency C:\Users\LUBS\Desktop\Visionate\visionate\node_modules\fsevents
161 silly reify mark deleted [
161 silly reify   'C:\\Users\\LUBS\\Desktop\\Visionate\\visionate\\node_modules\\fsevents'
161 silly reify ]
162 verbose reify failed optional dependency C:\Users\LUBS\Desktop\Visionate\visionate\node_modules\@next\swc-win32-arm64-msvc
163 silly reify mark deleted [
163 silly reify   'C:\\Users\\LUBS\\Desktop\\Visionate\\visionate\\node_modules\\@next\\swc-win32-arm64-msvc'
163 silly reify ]
164 verbose reify failed optional dependency C:\Users\LUBS\Desktop\Visionate\visionate\node_modules\@next\swc-linux-x64-musl
165 silly reify mark deleted [
165 silly reify   'C:\\Users\\LUBS\\Desktop\\Visionate\\visionate\\node_modules\\@next\\swc-linux-x64-musl'
165 silly reify ]
166 verbose reify failed optional dependency C:\Users\LUBS\Desktop\Visionate\visionate\node_modules\@next\swc-linux-x64-gnu
167 silly reify mark deleted [
167 silly reify   'C:\\Users\\LUBS\\Desktop\\Visionate\\visionate\\node_modules\\@next\\swc-linux-x64-gnu'
167 silly reify ]
168 verbose reify failed optional dependency C:\Users\LUBS\Desktop\Visionate\visionate\node_modules\@next\swc-linux-arm64-musl
169 silly reify mark deleted [
169 silly reify   'C:\\Users\\LUBS\\Desktop\\Visionate\\visionate\\node_modules\\@next\\swc-linux-arm64-musl'
169 silly reify ]
170 verbose reify failed optional dependency C:\Users\LUBS\Desktop\Visionate\visionate\node_modules\@next\swc-linux-arm64-gnu
171 silly reify mark deleted [
171 silly reify   'C:\\Users\\LUBS\\Desktop\\Visionate\\visionate\\node_modules\\@next\\swc-linux-arm64-gnu'
171 silly reify ]
172 verbose reify failed optional dependency C:\Users\LUBS\Desktop\Visionate\visionate\node_modules\@next\swc-darwin-x64
173 silly reify mark deleted [
173 silly reify   'C:\\Users\\LUBS\\Desktop\\Visionate\\visionate\\node_modules\\@next\\swc-darwin-x64'
173 silly reify ]
174 verbose reify failed optional dependency C:\Users\LUBS\Desktop\Visionate\visionate\node_modules\@next\swc-darwin-arm64
175 silly reify mark deleted [
175 silly reify   'C:\\Users\\LUBS\\Desktop\\Visionate\\visionate\\node_modules\\@next\\swc-darwin-arm64'
175 silly reify ]
176 verbose reify failed optional dependency C:\Users\LUBS\Desktop\Visionate\visionate\node_modules\@img\sharp-win32-ia32
177 silly reify mark deleted [
177 silly reify   'C:\\Users\\LUBS\\Desktop\\Visionate\\visionate\\node_modules\\@img\\sharp-win32-ia32'
177 silly reify ]
178 verbose reify failed optional dependency C:\Users\LUBS\Desktop\Visionate\visionate\node_modules\@img\sharp-wasm32
179 silly reify mark deleted [
179 silly reify   'C:\\Users\\LUBS\\Desktop\\Visionate\\visionate\\node_modules\\@img\\sharp-wasm32'
179 silly reify ]
180 verbose reify failed optional dependency C:\Users\LUBS\Desktop\Visionate\visionate\node_modules\@emnapi\runtime
181 silly reify mark deleted [
181 silly reify   'C:\\Users\\LUBS\\Desktop\\Visionate\\visionate\\node_modules\\@emnapi\\runtime'
181 silly reify ]
182 verbose reify failed optional dependency C:\Users\LUBS\Desktop\Visionate\visionate\node_modules\@img\sharp-linuxmusl-x64
183 silly reify mark deleted [
183 silly reify   'C:\\Users\\LUBS\\Desktop\\Visionate\\visionate\\node_modules\\@img\\sharp-linuxmusl-x64'
183 silly reify ]
184 verbose reify failed optional dependency C:\Users\LUBS\Desktop\Visionate\visionate\node_modules\@img\sharp-linuxmusl-arm64
185 silly reify mark deleted [
185 silly reify   'C:\\Users\\LUBS\\Desktop\\Visionate\\visionate\\node_modules\\@img\\sharp-linuxmusl-arm64'
185 silly reify ]
186 verbose reify failed optional dependency C:\Users\LUBS\Desktop\Visionate\visionate\node_modules\@img\sharp-linux-x64
187 silly reify mark deleted [
187 silly reify   'C:\\Users\\LUBS\\Desktop\\Visionate\\visionate\\node_modules\\@img\\sharp-linux-x64'
187 silly reify ]
188 verbose reify failed optional dependency C:\Users\LUBS\Desktop\Visionate\visionate\node_modules\@img\sharp-linux-s390x
189 silly reify mark deleted [
189 silly reify   'C:\\Users\\LUBS\\Desktop\\Visionate\\visionate\\node_modules\\@img\\sharp-linux-s390x'
189 silly reify ]
190 verbose reify failed optional dependency C:\Users\LUBS\Desktop\Visionate\visionate\node_modules\@img\sharp-linux-arm64
191 silly reify mark deleted [
191 silly reify   'C:\\Users\\LUBS\\Desktop\\Visionate\\visionate\\node_modules\\@img\\sharp-linux-arm64'
191 silly reify ]
192 verbose reify failed optional dependency C:\Users\LUBS\Desktop\Visionate\visionate\node_modules\@img\sharp-linux-arm
193 silly reify mark deleted [
193 silly reify   'C:\\Users\\LUBS\\Desktop\\Visionate\\visionate\\node_modules\\@img\\sharp-linux-arm'
193 silly reify ]
194 verbose reify failed optional dependency C:\Users\LUBS\Desktop\Visionate\visionate\node_modules\@img\sharp-libvips-linuxmusl-x64
195 silly reify mark deleted [
195 silly reify   'C:\\Users\\LUBS\\Desktop\\Visionate\\visionate\\node_modules\\@img\\sharp-libvips-linuxmusl-x64'
195 silly reify ]
196 verbose reify failed optional dependency C:\Users\LUBS\Desktop\Visionate\visionate\node_modules\@img\sharp-libvips-linuxmusl-arm64
197 silly reify mark deleted [
197 silly reify   'C:\\Users\\LUBS\\Desktop\\Visionate\\visionate\\node_modules\\@img\\sharp-libvips-linuxmusl-arm64'
197 silly reify ]
198 verbose reify failed optional dependency C:\Users\LUBS\Desktop\Visionate\visionate\node_modules\@img\sharp-libvips-linux-x64
199 silly reify mark deleted [
199 silly reify   'C:\\Users\\LUBS\\Desktop\\Visionate\\visionate\\node_modules\\@img\\sharp-libvips-linux-x64'
199 silly reify ]
200 verbose reify failed optional dependency C:\Users\LUBS\Desktop\Visionate\visionate\node_modules\@img\sharp-libvips-linux-s390x
201 silly reify mark deleted [
201 silly reify   'C:\\Users\\LUBS\\Desktop\\Visionate\\visionate\\node_modules\\@img\\sharp-libvips-linux-s390x'
201 silly reify ]
202 verbose reify failed optional dependency C:\Users\LUBS\Desktop\Visionate\visionate\node_modules\@img\sharp-libvips-linux-arm64
203 silly reify mark deleted [
203 silly reify   'C:\\Users\\LUBS\\Desktop\\Visionate\\visionate\\node_modules\\@img\\sharp-libvips-linux-arm64'
203 silly reify ]
204 verbose reify failed optional dependency C:\Users\LUBS\Desktop\Visionate\visionate\node_modules\@img\sharp-libvips-linux-arm
205 silly reify mark deleted [
205 silly reify   'C:\\Users\\LUBS\\Desktop\\Visionate\\visionate\\node_modules\\@img\\sharp-libvips-linux-arm'
205 silly reify ]
206 verbose reify failed optional dependency C:\Users\LUBS\Desktop\Visionate\visionate\node_modules\@img\sharp-libvips-darwin-x64
207 silly reify mark deleted [
207 silly reify   'C:\\Users\\LUBS\\Desktop\\Visionate\\visionate\\node_modules\\@img\\sharp-libvips-darwin-x64'
207 silly reify ]
208 verbose reify failed optional dependency C:\Users\LUBS\Desktop\Visionate\visionate\node_modules\@img\sharp-libvips-darwin-arm64
209 silly reify mark deleted [
209 silly reify   'C:\\Users\\LUBS\\Desktop\\Visionate\\visionate\\node_modules\\@img\\sharp-libvips-darwin-arm64'
209 silly reify ]
210 verbose reify failed optional dependency C:\Users\LUBS\Desktop\Visionate\visionate\node_modules\@img\sharp-darwin-x64
211 silly reify mark deleted [
211 silly reify   'C:\\Users\\LUBS\\Desktop\\Visionate\\visionate\\node_modules\\@img\\sharp-darwin-x64'
211 silly reify ]
212 verbose reify failed optional dependency C:\Users\LUBS\Desktop\Visionate\visionate\node_modules\@img\sharp-darwin-arm64
213 silly reify mark deleted [
213 silly reify   'C:\\Users\\LUBS\\Desktop\\Visionate\\visionate\\node_modules\\@img\\sharp-darwin-arm64'
213 silly reify ]
214 http cache @emnapi/runtime@https://registry.npmjs.org/@emnapi/runtime/-/runtime-1.3.1.tgz 0ms (cache hit)
215 http cache framer-motion@https://registry.npmjs.org/framer-motion/-/framer-motion-12.0.11.tgz 0ms (cache hit)
216 silly tarball no local data for framer-motion@https://registry.npmjs.org/framer-motion/-/framer-motion-12.0.11.tgz. Extracting by manifest.
217 http fetch POST 200 https://registry.npmjs.org/-/npm/v1/security/advisories/bulk 822ms
218 silly audit report {}
219 http fetch GET 200 https://registry.npmjs.org/framer-motion/-/framer-motion-12.0.11.tgz 4799ms (cache miss)
220 silly ADD
221 silly ADD
222 silly ADD
223 silly ADD
224 silly ADD
225 silly ADD
226 silly ADD
227 silly ADD
228 silly ADD
229 silly ADD
230 silly ADD
231 silly ADD
232 silly ADD
233 silly ADD
234 silly ADD
235 silly ADD
236 silly ADD
237 silly ADD
238 silly ADD
239 silly ADD
240 silly ADD
241 silly ADD
242 silly ADD
243 silly ADD
244 silly ADD
245 silly ADD
246 silly ADD
247 silly CHANGE node_modules/framer-motion
248 verbose cwd C:\Users\LUBS\Desktop\Visionate\visionate
249 verbose os Windows_NT 10.0.19045
250 verbose node v22.13.1
251 verbose npm  v11.0.0
252 verbose exit 0
253 info ok
