0 verbose cli C:\Program Files\nodejs\node.exe C:\Users\LUBS\AppData\Roaming\npm\node_modules\npm\bin\npm-cli.js
1 info using npm@11.0.0
2 info using node@v22.13.1
3 silly config load:file:C:\Users\LUBS\AppData\Roaming\npm\node_modules\npm\npmrc
4 silly config load:file:C:\Users\LUBS\Desktop\Visionate\visionate\.npmrc
5 silly config load:file:C:\Users\LUBS\.npmrc
6 silly config load:file:C:\Users\LUBS\AppData\Roaming\npm\etc\npmrc
7 verbose title npm install @vercel/analytics next react react-dom
8 verbose argv "install" "@vercel/analytics" "next" "react" "react-dom"
9 verbose logfile logs-max:10 dir:C:\Users\LUBS\Desktop\Visionate\visionate\npm-cache\_logs\2025-02-02T13_54_36_595Z-
10 verbose logfile C:\Users\LUBS\Desktop\Visionate\visionate\npm-cache\_logs\2025-02-02T13_54_36_595Z-debug-0.log
11 silly logfile start cleaning logs, removing 1 files
12 silly packumentCache heap:4345298944 maxSize:1086324736 maxEntrySize:543162368
13 silly logfile done cleaning log files
14 silly idealTree buildDeps
15 silly fetch manifest next@^15.1.6
16 silly packumentCache full:https://registry.npmjs.org/next cache-miss
17 http fetch GET 200 https://registry.npmjs.org/next 9922ms (cache updated)
18 silly packumentCache full:https://registry.npmjs.org/next set size:undefined disposed:false
19 silly fetch manifest @opentelemetry/api@^1.1.0
20 silly packumentCache full:https://registry.npmjs.org/@opentelemetry%2fapi cache-miss
21 http fetch GET 200 https://registry.npmjs.org/@opentelemetry%2fapi 810ms (cache updated)
22 silly packumentCache full:https://registry.npmjs.org/@opentelemetry%2fapi set size:undefined disposed:false
23 silly fetch manifest @playwright/test@^1.41.2
24 silly packumentCache full:https://registry.npmjs.org/@playwright%2ftest cache-miss
25 http fetch GET 200 https://registry.npmjs.org/@playwright%2ftest 1119ms (cache updated)
26 silly packumentCache full:https://registry.npmjs.org/@playwright%2ftest set size:undefined disposed:false
27 silly fetch manifest babel-plugin-react-compiler@*
28 silly packumentCache full:https://registry.npmjs.org/babel-plugin-react-compiler cache-miss
29 http fetch GET 200 https://registry.npmjs.org/babel-plugin-react-compiler 278ms (cache updated)
30 silly packumentCache full:https://registry.npmjs.org/babel-plugin-react-compiler set size:undefined disposed:false
31 silly fetch manifest react@^19.0.0
32 silly packumentCache full:https://registry.npmjs.org/react cache-miss
33 http fetch GET 200 https://registry.npmjs.org/react 460ms (cache updated)
34 silly packumentCache full:https://registry.npmjs.org/react set size:undefined disposed:false
35 silly fetch manifest react-dom@^19.0.0
36 silly packumentCache full:https://registry.npmjs.org/react-dom cache-miss
37 http fetch GET 200 https://registry.npmjs.org/react-dom 5549ms (cache updated)
38 silly packumentCache full:https://registry.npmjs.org/react-dom set size:undefined disposed:false
39 silly fetch manifest sass@^1.3.0
40 silly packumentCache full:https://registry.npmjs.org/sass cache-miss
41 http fetch GET 200 https://registry.npmjs.org/sass 347ms (cache updated)
42 silly packumentCache full:https://registry.npmjs.org/sass set size:undefined disposed:false
43 silly fetch manifest @vercel/analytics@*
44 silly packumentCache full:https://registry.npmjs.org/@vercel%2fanalytics cache-miss
45 http fetch GET 200 https://registry.npmjs.org/@vercel%2fanalytics 761ms (cache miss)
46 silly packumentCache full:https://registry.npmjs.org/@vercel%2fanalytics set size:undefined disposed:false
47 silly fetch manifest @remix-run/react@^2
48 silly packumentCache full:https://registry.npmjs.org/@remix-run%2freact cache-miss
49 http fetch GET 200 https://registry.npmjs.org/@remix-run%2freact 4679ms (cache miss)
50 silly packumentCache full:https://registry.npmjs.org/@remix-run%2freact set size:undefined disposed:false
51 silly fetch manifest react@^18.0.0
52 silly packumentCache full:https://registry.npmjs.org/react cache-miss
53 http cache https://registry.npmjs.org/react 230ms (cache hit)
54 silly packumentCache full:https://registry.npmjs.org/react set size:5396107 disposed:false
55 silly fetch manifest react-dom@^18.0.0
56 silly packumentCache full:https://registry.npmjs.org/react-dom cache-miss
57 http cache https://registry.npmjs.org/react-dom 197ms (cache hit)
58 silly packumentCache full:https://registry.npmjs.org/react-dom set size:6721996 disposed:false
59 silly fetch manifest typescript@^5.7.3
60 silly packumentCache full:https://registry.npmjs.org/typescript cache-miss
61 http cache https://registry.npmjs.org/typescript 310ms (cache hit)
62 silly packumentCache full:https://registry.npmjs.org/typescript set size:13782445 disposed:false
63 silly fetch manifest @sveltejs/kit@^1 || ^2
64 silly packumentCache full:https://registry.npmjs.org/@sveltejs%2fkit cache-miss
65 http fetch GET 200 https://registry.npmjs.org/@sveltejs%2fkit 3953ms (cache miss)
66 silly packumentCache full:https://registry.npmjs.org/@sveltejs%2fkit set size:undefined disposed:false
67 silly fetch manifest @sveltejs/vite-plugin-svelte@^3.0.0 || ^4.0.0-next.1 || ^5.0.0
68 silly packumentCache full:https://registry.npmjs.org/@sveltejs%2fvite-plugin-svelte cache-miss
69 http fetch GET 200 https://registry.npmjs.org/@sveltejs%2fvite-plugin-svelte 1004ms (cache miss)
70 silly packumentCache full:https://registry.npmjs.org/@sveltejs%2fvite-plugin-svelte set size:undefined disposed:false
71 silly fetch manifest svelte@^5.0.0
72 silly packumentCache full:https://registry.npmjs.org/svelte cache-miss
73 http fetch GET 200 https://registry.npmjs.org/svelte 722ms (cache miss)
74 silly packumentCache full:https://registry.npmjs.org/svelte set size:undefined disposed:false
75 silly fetch manifest vite@^6.0.0
76 silly packumentCache full:https://registry.npmjs.org/vite cache-miss
77 http fetch GET 200 https://registry.npmjs.org/vite 1644ms (cache miss)
78 silly packumentCache full:https://registry.npmjs.org/vite set size:undefined disposed:false
79 silly fetch manifest @types/node@^20.17.16
80 silly packumentCache full:https://registry.npmjs.org/@types%2fnode cache-miss
81 http cache https://registry.npmjs.org/@types%2fnode 262ms (cache hit)
82 silly packumentCache full:https://registry.npmjs.org/@types%2fnode set size:9588224 disposed:false
83 silly fetch manifest jiti@>=1.21.0
84 silly packumentCache full:https://registry.npmjs.org/jiti cache-miss
85 http fetch GET 200 https://registry.npmjs.org/jiti 600ms (cache miss)
86 silly packumentCache full:https://registry.npmjs.org/jiti set size:undefined disposed:false
87 silly fetch manifest less@*
88 silly packumentCache full:https://registry.npmjs.org/less cache-miss
89 http fetch GET 200 https://registry.npmjs.org/less 185ms (cache miss)
90 silly packumentCache full:https://registry.npmjs.org/less set size:undefined disposed:false
91 silly fetch manifest lightningcss@^1.21.0
92 silly packumentCache full:https://registry.npmjs.org/lightningcss cache-miss
93 http fetch GET 200 https://registry.npmjs.org/lightningcss 161ms (cache miss)
94 silly packumentCache full:https://registry.npmjs.org/lightningcss set size:undefined disposed:false
95 silly fetch manifest sass@*
96 silly packumentCache full:https://registry.npmjs.org/sass cache-miss
97 http cache https://registry.npmjs.org/sass 45ms (cache hit)
98 silly packumentCache full:https://registry.npmjs.org/sass set size:661091 disposed:false
99 silly fetch manifest sass-embedded@*
100 silly packumentCache full:https://registry.npmjs.org/sass-embedded cache-miss
101 http fetch GET 200 https://registry.npmjs.org/sass-embedded 936ms (cache miss)
102 silly packumentCache full:https://registry.npmjs.org/sass-embedded set size:undefined disposed:false
103 silly fetch manifest stylus@*
104 silly packumentCache full:https://registry.npmjs.org/stylus cache-miss
105 http fetch GET 200 https://registry.npmjs.org/stylus 492ms (cache miss)
106 silly packumentCache full:https://registry.npmjs.org/stylus set size:undefined disposed:false
107 silly fetch manifest sugarss@*
108 silly packumentCache full:https://registry.npmjs.org/sugarss cache-miss
109 http fetch GET 200 https://registry.npmjs.org/sugarss 275ms (cache miss)
110 silly packumentCache full:https://registry.npmjs.org/sugarss set size:undefined disposed:false
111 silly fetch manifest postcss@^8.5.1
112 silly packumentCache full:https://registry.npmjs.org/postcss cache-miss
113 http fetch GET 200 https://registry.npmjs.org/postcss 2242ms (cache updated)
114 silly packumentCache full:https://registry.npmjs.org/postcss set size:undefined disposed:false
115 silly fetch manifest terser@^5.16.0
116 silly packumentCache full:https://registry.npmjs.org/terser cache-miss
117 http fetch GET 200 https://registry.npmjs.org/terser 2567ms (cache miss)
118 silly packumentCache full:https://registry.npmjs.org/terser set size:undefined disposed:false
119 silly fetch manifest tsx@^4.8.1
120 silly packumentCache full:https://registry.npmjs.org/tsx cache-miss
121 http fetch GET 200 https://registry.npmjs.org/tsx 191ms (cache miss)
122 silly packumentCache full:https://registry.npmjs.org/tsx set size:undefined disposed:false
123 silly fetch manifest yaml@^2.4.2
124 silly packumentCache full:https://registry.npmjs.org/yaml cache-miss
125 http fetch GET 200 https://registry.npmjs.org/yaml 731ms (cache miss)
126 silly packumentCache full:https://registry.npmjs.org/yaml set size:undefined disposed:false
127 silly fetch manifest vue@^3
128 silly packumentCache full:https://registry.npmjs.org/vue cache-miss
129 http fetch GET 200 https://registry.npmjs.org/vue 2889ms (cache miss)
130 silly packumentCache full:https://registry.npmjs.org/vue set size:undefined disposed:false
131 silly fetch manifest vue-router@^4
132 silly packumentCache full:https://registry.npmjs.org/vue-router cache-miss
133 http fetch GET 200 https://registry.npmjs.org/vue-router 333ms (cache miss)
134 silly packumentCache full:https://registry.npmjs.org/vue-router set size:undefined disposed:false
135 silly placeDep ROOT @vercel/analytics@1.4.1 OK for: visionate@0.1.0 want: *
136 silly placeDep ROOT next@15.1.6 REPLACE for: visionate@0.1.0 want: ^15.1.6
137 silly placeDep ROOT react@19.0.0 REPLACE for: visionate@0.1.0 want: ^19.0.0
138 silly placeDep ROOT react-dom@19.0.0 REPLACE for: visionate@0.1.0 want: ^19.0.0
139 silly reify moves {}
140 silly audit bulk request {
140 silly audit   '@alloc/quick-lru': [ '5.2.0' ],
140 silly audit   '@emnapi/runtime': [ '1.3.1' ],
140 silly audit   '@eslint-community/eslint-utils': [ '4.4.1' ],
140 silly audit   'eslint-visitor-keys': [ '3.4.3', '4.2.0' ],
140 silly audit   '@eslint-community/regexpp': [ '4.12.1' ],
140 silly audit   '@eslint/config-array': [ '0.19.2' ],
140 silly audit   '@eslint/core': [ '0.10.0' ],
140 silly audit   '@eslint/eslintrc': [ '3.2.0' ],
140 silly audit   '@eslint/js': [ '9.19.0' ],
140 silly audit   '@eslint/object-schema': [ '2.1.6' ],
140 silly audit   '@eslint/plugin-kit': [ '0.2.5' ],
140 silly audit   '@floating-ui/core': [ '1.6.9' ],
140 silly audit   '@floating-ui/dom': [ '1.6.13' ],
140 silly audit   '@floating-ui/react-dom': [ '2.1.2' ],
140 silly audit   '@floating-ui/utils': [ '0.2.9' ],
140 silly audit   '@hookform/resolvers': [ '3.10.0' ],
140 silly audit   '@humanfs/core': [ '0.19.1' ],
140 silly audit   '@humanfs/node': [ '0.16.6' ],
140 silly audit   '@humanwhocodes/retry': [ '0.3.1', '0.4.1' ],
140 silly audit   '@humanwhocodes/module-importer': [ '1.0.1' ],
140 silly audit   '@img/sharp-darwin-arm64': [ '0.33.5' ],
140 silly audit   '@img/sharp-darwin-x64': [ '0.33.5' ],
140 silly audit   '@img/sharp-libvips-darwin-arm64': [ '1.0.4' ],
140 silly audit   '@img/sharp-libvips-darwin-x64': [ '1.0.4' ],
140 silly audit   '@img/sharp-libvips-linux-arm': [ '1.0.5' ],
140 silly audit   '@img/sharp-libvips-linux-arm64': [ '1.0.4' ],
140 silly audit   '@img/sharp-libvips-linux-s390x': [ '1.0.4' ],
140 silly audit   '@img/sharp-libvips-linux-x64': [ '1.0.4' ],
140 silly audit   '@img/sharp-libvips-linuxmusl-arm64': [ '1.0.4' ],
140 silly audit   '@img/sharp-libvips-linuxmusl-x64': [ '1.0.4' ],
140 silly audit   '@img/sharp-linux-arm': [ '0.33.5' ],
140 silly audit   '@img/sharp-linux-arm64': [ '0.33.5' ],
140 silly audit   '@img/sharp-linux-s390x': [ '0.33.5' ],
140 silly audit   '@img/sharp-linux-x64': [ '0.33.5' ],
140 silly audit   '@img/sharp-linuxmusl-arm64': [ '0.33.5' ],
140 silly audit   '@img/sharp-linuxmusl-x64': [ '0.33.5' ],
140 silly audit   '@img/sharp-wasm32': [ '0.33.5' ],
140 silly audit   '@img/sharp-win32-ia32': [ '0.33.5' ],
140 silly audit   '@img/sharp-win32-x64': [ '0.33.5' ],
140 silly audit   '@isaacs/cliui': [ '8.0.2' ],
140 silly audit   '@jridgewell/gen-mapping': [ '0.3.8' ],
140 silly audit   '@jridgewell/resolve-uri': [ '3.1.2' ],
140 silly audit   '@jridgewell/set-array': [ '1.2.1' ],
140 silly audit   '@jridgewell/sourcemap-codec': [ '1.5.0' ],
140 silly audit   '@jridgewell/trace-mapping': [ '0.3.25' ],
140 silly audit   '@next/env': [ '15.1.6' ],
140 silly audit   '@next/eslint-plugin-next': [ '15.1.6' ],
140 silly audit   '@next/swc-darwin-arm64': [ '15.1.6' ],
140 silly audit   '@next/swc-darwin-x64': [ '15.1.6' ],
140 silly audit   '@next/swc-linux-arm64-gnu': [ '15.1.6' ],
140 silly audit   '@next/swc-linux-arm64-musl': [ '15.1.6' ],
140 silly audit   '@next/swc-linux-x64-gnu': [ '15.1.6' ],
140 silly audit   '@next/swc-linux-x64-musl': [ '15.1.6' ],
140 silly audit   '@next/swc-win32-arm64-msvc': [ '15.1.6' ],
140 silly audit   '@next/swc-win32-x64-msvc': [ '15.1.6' ],
140 silly audit   '@nodelib/fs.scandir': [ '2.1.5' ],
140 silly audit   '@nodelib/fs.stat': [ '2.0.5' ],
140 silly audit   '@nodelib/fs.walk': [ '1.2.8' ],
140 silly audit   '@nolyfill/is-core-module': [ '1.0.39' ],
140 silly audit   '@pkgjs/parseargs': [ '0.11.0' ],
140 silly audit   '@radix-ui/number': [ '1.1.0' ],
140 silly audit   '@radix-ui/primitive': [ '1.1.1' ],
140 silly audit   '@radix-ui/react-accordion': [ '1.2.2' ],
140 silly audit   '@radix-ui/react-arrow': [ '1.1.1' ],
140 silly audit   '@radix-ui/react-checkbox': [ '1.1.3' ],
140 silly audit   '@radix-ui/react-collapsible': [ '1.1.2' ],
140 silly audit   '@radix-ui/react-collection': [ '1.1.1' ],
140 silly audit   '@radix-ui/react-compose-refs': [ '1.1.1' ],
140 silly audit   '@radix-ui/react-context': [ '1.1.1' ],
140 silly audit   '@radix-ui/react-direction': [ '1.1.0' ],
140 silly audit   '@radix-ui/react-dismissable-layer': [ '1.1.4' ],
140 silly audit   '@radix-ui/react-dropdown-menu': [ '2.1.5' ],
140 silly audit   '@radix-ui/react-focus-guards': [ '1.1.1' ],
140 silly audit   '@radix-ui/react-focus-scope': [ '1.1.1' ],
140 silly audit   '@radix-ui/react-id': [ '1.1.0' ],
140 silly audit   '@radix-ui/react-label': [ '2.1.1' ],
140 silly audit   '@radix-ui/react-menu': [ '2.1.5' ],
140 silly audit   '@radix-ui/react-popper': [ '1.2.1' ],
140 silly audit   '@radix-ui/react-portal': [ '1.1.3' ],
140 silly audit   '@radix-ui/react-presence': [ '1.1.2' ],
140 silly audit   '@radix-ui/react-primitive': [ '2.0.1' ],
140 silly audit   '@radix-ui/react-roving-focus': [ '1.1.1' ],
140 silly audit   '@radix-ui/react-select': [ '2.1.5' ],
140 silly audit   '@radix-ui/react-slot': [ '1.1.1' ],
140 silly audit   '@radix-ui/react-toast': [ '1.2.5' ],
140 silly audit   '@radix-ui/react-use-callback-ref': [ '1.1.0' ],
140 silly audit   '@radix-ui/react-use-controllable-state': [ '1.1.0' ],
140 silly audit   '@radix-ui/react-use-escape-keydown': [ '1.1.0' ],
140 silly audit   '@radix-ui/react-use-layout-effect': [ '1.1.0' ],
140 silly audit   '@radix-ui/react-use-previous': [ '1.1.0' ],
140 silly audit   '@radix-ui/react-use-rect': [ '1.1.0' ],
140 silly audit   '@radix-ui/react-use-size': [ '1.1.0' ],
140 silly audit   '@radix-ui/react-visually-hidden': [ '1.1.1' ],
140 silly audit   '@radix-ui/rect': [ '1.1.0' ],
140 silly audit   '@rtsao/scc': [ '1.1.0' ],
140 silly audit   '@rushstack/eslint-patch': [ '1.10.5' ],
140 silly audit   '@swc/counter': [ '0.1.3' ],
140 silly audit   '@swc/helpers': [ '0.5.15' ],
140 silly audit   '@tailwindcss/container-queries': [ '0.1.1' ],
140 silly audit   '@types/estree': [ '1.0.6' ],
140 silly audit   '@types/json-schema': [ '7.0.15' ],
140 silly audit   '@types/json5': [ '0.0.29' ],
140 silly audit   '@types/node': [ '20.17.16' ],
140 silly audit   '@types/nodemailer': [ '6.4.17' ],
140 silly audit   '@types/react': [ '19.0.8' ],
140 silly audit   '@types/react-dom': [ '19.0.3' ],
140 silly audit   '@types/react-slick': [ '0.23.13' ],
140 silly audit   '@typescript-eslint/eslint-plugin': [ '8.22.0' ],
140 silly audit   '@typescript-eslint/parser': [ '8.22.0' ],
140 silly audit   '@typescript-eslint/scope-manager': [ '8.22.0' ],
140 silly audit   '@typescript-eslint/type-utils': [ '8.22.0' ],
140 silly audit   '@typescript-eslint/types': [ '8.22.0' ],
140 silly audit   '@typescript-eslint/typescript-estree': [ '8.22.0' ],
140 silly audit   'brace-expansion': [ '2.0.1', '1.1.11' ],
140 silly audit   'fast-glob': [ '3.3.3', '3.3.1' ],
140 silly audit   'glob-parent': [ '5.1.2', '6.0.2' ],
140 silly audit   minimatch: [ '9.0.5', '3.1.2' ],
140 silly audit   '@typescript-eslint/utils': [ '8.22.0' ],
140 silly audit   '@typescript-eslint/visitor-keys': [ '8.22.0' ],
140 silly audit   acorn: [ '8.14.0' ],
140 silly audit   'acorn-jsx': [ '5.3.2' ],
140 silly audit   ajv: [ '6.12.6' ],
140 silly audit   'ansi-regex': [ '6.1.0', '5.0.1' ],
140 silly audit   'ansi-styles': [ '4.3.0', '6.2.1' ],
140 silly audit   'any-promise': [ '1.3.0' ],
140 silly audit   anymatch: [ '3.1.3' ],
140 silly audit   arg: [ '5.0.2' ],
140 silly audit   argparse: [ '2.0.1' ],
140 silly audit   'aria-hidden': [ '1.2.4' ],
140 silly audit   'aria-query': [ '5.3.2' ],
140 silly audit   'array-buffer-byte-length': [ '1.0.2' ],
140 silly audit   'array-includes': [ '3.1.8' ],
140 silly audit   'array.prototype.findlast': [ '1.2.5' ],
140 silly audit   'array.prototype.findlastindex': [ '1.2.5' ],
140 silly audit   'array.prototype.flat': [ '1.3.3' ],
140 silly audit   'array.prototype.flatmap': [ '1.3.3' ],
140 silly audit   'array.prototype.tosorted': [ '1.1.4' ],
140 silly audit   'arraybuffer.prototype.slice': [ '1.0.4' ],
140 silly audit   'ast-types-flow': [ '0.0.8' ],
140 silly audit   'async-function': [ '1.0.0' ],
140 silly audit   autoprefixer: [ '10.4.20' ],
140 silly audit   'available-typed-arrays': [ '1.0.7' ],
140 silly audit   'axe-core': [ '4.10.2' ],
140 silly audit   'axobject-query': [ '4.1.0' ],
140 silly audit   'balanced-match': [ '1.0.2' ],
140 silly audit   'binary-extensions': [ '2.3.0' ],
140 silly audit   braces: [ '3.0.3' ],
140 silly audit   browserslist: [ '4.24.4' ],
140 silly audit   busboy: [ '1.6.0' ],
140 silly audit   'call-bind': [ '1.0.8' ],
140 silly audit   'call-bind-apply-helpers': [ '1.0.1' ],
140 silly audit   'call-bound': [ '1.0.3' ],
140 silly audit   callsites: [ '3.1.0' ],
140 silly audit   'camelcase-css': [ '2.0.1' ],
140 silly audit   'caniuse-lite': [ '1.0.30001696' ],
140 silly audit   chalk: [ '4.1.2' ],
140 silly audit   chokidar: [ '3.6.0' ],
140 silly audit   'class-variance-authority': [ '0.7.1' ],
140 silly audit   classnames: [ '2.5.1' ],
140 silly audit   'client-only': [ '0.0.1' ],
140 silly audit   clsx: [ '2.1.1' ],
140 silly audit   color: [ '4.2.3' ],
140 silly audit   'color-convert': [ '2.0.1' ],
140 silly audit   'color-name': [ '1.1.4' ],
140 silly audit   'color-string': [ '1.9.1' ],
140 silly audit   commander: [ '4.1.1' ],
140 silly audit   'concat-map': [ '0.0.1' ],
140 silly audit   'cross-spawn': [ '7.0.6' ],
140 silly audit   'css-mediaquery': [ '0.1.2' ],
140 silly audit   cssesc: [ '3.0.0' ],
140 silly audit   csstype: [ '3.1.3' ],
140 silly audit   'damerau-levenshtein': [ '1.0.8' ],
140 silly audit   'data-view-buffer': [ '1.0.2' ],
140 silly audit   'data-view-byte-length': [ '1.0.2' ],
140 silly audit   'data-view-byte-offset': [ '1.0.1' ],
140 silly audit   debug: [ '4.4.0', '3.2.7' ],
140 silly audit   'deep-is': [ '0.1.4' ],
140 silly audit   'define-data-property': [ '1.1.4' ],
140 silly audit   'define-properties': [ '1.2.1' ],
140 silly audit   'detect-libc': [ '2.0.3' ],
140 silly audit   'detect-node-es': [ '1.1.0' ],
140 silly audit   didyoumean: [ '1.2.2' ],
140 silly audit   dlv: [ '1.1.3' ],
140 silly audit   doctrine: [ '2.1.0' ],
140 silly audit   'dunder-proto': [ '1.0.1' ],
140 silly audit   eastasianwidth: [ '0.2.0' ],
140 silly audit   'electron-to-chromium': [ '1.5.90' ],
140 silly audit   'emoji-regex': [ '9.2.2', '8.0.0' ],
140 silly audit   'enhanced-resolve': [ '5.18.0' ],
140 silly audit   'enquire.js': [ '2.1.6' ],
140 silly audit   'es-abstract': [ '1.23.9' ],
140 silly audit   'es-define-property': [ '1.0.1' ],
140 silly audit   'es-errors': [ '1.3.0' ],
140 silly audit   'es-iterator-helpers': [ '1.2.1' ],
140 silly audit   'es-object-atoms': [ '1.1.1' ],
140 silly audit   'es-set-tostringtag': [ '2.1.0' ],
140 silly audit   'es-shim-unscopables': [ '1.0.2' ],
140 silly audit   'es-to-primitive': [ '1.3.0' ],
140 silly audit   escalade: [ '3.2.0' ],
140 silly audit   'escape-string-regexp': [ '4.0.0' ],
140 silly audit   eslint: [ '9.19.0' ],
140 silly audit   'eslint-config-next': [ '15.1.6' ],
140 silly audit   'eslint-import-resolver-node': [ '0.3.9' ],
140 silly audit   'eslint-import-resolver-typescript': [ '3.7.0' ],
140 silly audit   'eslint-module-utils': [ '2.12.0' ],
140 silly audit   'eslint-plugin-import': [ '2.31.0' ],
140 silly audit   semver: [ '6.3.1', '7.7.0' ],
140 silly audit   'eslint-plugin-jsx-a11y': [ '6.10.2' ],
140 silly audit   'eslint-plugin-react': [ '7.37.4' ],
140 silly audit   'eslint-plugin-react-hooks': [ '5.1.0' ],
140 silly audit   resolve: [ '2.0.0-next.5', '1.22.10' ],
140 silly audit   'eslint-scope': [ '8.2.0' ],
140 silly audit   espree: [ '10.3.0' ],
140 silly audit   esquery: [ '1.6.0' ],
140 silly audit   esrecurse: [ '4.3.0' ],
140 silly audit   estraverse: [ '5.3.0' ],
140 silly audit   esutils: [ '2.0.3' ],
140 silly audit   'fast-deep-equal': [ '3.1.3' ],
140 silly audit   'fast-json-stable-stringify': [ '2.1.0' ],
140 silly audit   'fast-levenshtein': [ '2.0.6' ],
140 silly audit   fastq: [ '1.19.0' ],
140 silly audit   'file-entry-cache': [ '8.0.0' ],
140 silly audit   'fill-range': [ '7.1.1' ],
140 silly audit   'find-up': [ '5.0.0' ],
140 silly audit   'flat-cache': [ '4.0.1' ],
140 silly audit   flatted: [ '3.3.2' ],
140 silly audit   'for-each': [ '0.3.4' ],
140 silly audit   'foreground-child': [ '3.3.0' ],
140 silly audit   'fraction.js': [ '4.3.7' ],
140 silly audit   'framer-motion': [ '12.0.6' ],
140 silly audit   fsevents: [ '2.3.3' ],
140 silly audit   'function-bind': [ '1.1.2' ],
140 silly audit   'function.prototype.name': [ '1.1.8' ],
140 silly audit   'functions-have-names': [ '1.2.3' ],
140 silly audit   'get-intrinsic': [ '1.2.7' ],
140 silly audit   'get-nonce': [ '1.0.1' ],
140 silly audit   'get-proto': [ '1.0.1' ],
140 silly audit   'get-symbol-description': [ '1.1.0' ],
140 silly audit   'get-tsconfig': [ '4.10.0' ],
140 silly audit   glob: [ '10.4.5' ],
140 silly audit   globals: [ '14.0.0' ],
140 silly audit   globalthis: [ '1.0.4' ],
140 silly audit   gopd: [ '1.2.0' ],
140 silly audit   'graceful-fs': [ '4.2.11' ],
140 silly audit   graphemer: [ '1.4.0' ],
140 silly audit   'has-bigints': [ '1.1.0' ],
140 silly audit   'has-flag': [ '4.0.0' ],
140 silly audit   'has-property-descriptors': [ '1.0.2' ],
140 silly audit   'has-proto': [ '1.2.0' ],
140 silly audit   'has-symbols': [ '1.1.0' ],
140 silly audit   'has-tostringtag': [ '1.0.2' ],
140 silly audit   hasown: [ '2.0.2' ],
140 silly audit   'hyphenate-style-name': [ '1.1.0' ],
140 silly audit   ignore: [ '5.3.2' ],
140 silly audit   'import-fresh': [ '3.3.0' ],
140 silly audit   imurmurhash: [ '0.1.4' ],
140 silly audit   'internal-slot': [ '1.1.0' ],
140 silly audit   'is-array-buffer': [ '3.0.5' ],
140 silly audit   'is-arrayish': [ '0.3.2' ],
140 silly audit   'is-async-function': [ '2.1.1' ],
140 silly audit   'is-bigint': [ '1.1.0' ],
140 silly audit   'is-binary-path': [ '2.1.0' ],
140 silly audit   'is-boolean-object': [ '1.2.1' ],
140 silly audit   'is-bun-module': [ '1.3.0' ],
140 silly audit   'is-callable': [ '1.2.7' ],
140 silly audit   'is-core-module': [ '2.16.1' ],
140 silly audit   'is-data-view': [ '1.0.2' ],
140 silly audit   'is-date-object': [ '1.1.0' ],
140 silly audit   'is-extglob': [ '2.1.1' ],
140 silly audit   'is-finalizationregistry': [ '1.1.1' ],
140 silly audit   'is-fullwidth-code-point': [ '3.0.0' ],
140 silly audit   'is-generator-function': [ '1.1.0' ],
140 silly audit   'is-glob': [ '4.0.3' ],
140 silly audit   'is-map': [ '2.0.3' ],
140 silly audit   'is-number': [ '7.0.0' ],
140 silly audit   'is-number-object': [ '1.1.1' ],
140 silly audit   'is-regex': [ '1.2.1' ],
140 silly audit   'is-set': [ '2.0.3' ],
140 silly audit   'is-shared-array-buffer': [ '1.0.4' ],
140 silly audit   'is-string': [ '1.1.1' ],
140 silly audit   'is-symbol': [ '1.1.1' ],
140 silly audit   'is-typed-array': [ '1.1.15' ],
140 silly audit   'is-weakmap': [ '2.0.2' ],
140 silly audit   'is-weakref': [ '1.1.0' ],
140 silly audit   'is-weakset': [ '2.0.4' ],
140 silly audit   isarray: [ '2.0.5' ],
140 silly audit   isexe: [ '2.0.0' ],
140 silly audit   'iterator.prototype': [ '1.1.5' ],
140 silly audit   jackspeak: [ '3.4.3' ],
140 silly audit   jiti: [ '1.21.7' ],
140 silly audit   jquery: [ '3.7.1' ],
140 silly audit   'js-tokens': [ '4.0.0' ],
140 silly audit   'js-yaml': [ '4.1.0' ],
140 silly audit   'json-buffer': [ '3.0.1' ],
140 silly audit   'json-schema-traverse': [ '0.4.1' ],
140 silly audit   'json-stable-stringify-without-jsonify': [ '1.0.1' ],
140 silly audit   json2mq: [ '0.2.0' ],
140 silly audit   json5: [ '1.0.2' ],
140 silly audit   'jsx-ast-utils': [ '3.3.5' ],
140 silly audit   keyv: [ '4.5.4' ],
140 silly audit   'language-subtag-registry': [ '0.3.23' ],
140 silly audit   'language-tags': [ '1.0.9' ],
140 silly audit   levn: [ '0.4.1' ],
140 silly audit   lilconfig: [ '3.1.3' ],
140 silly audit   'lines-and-columns': [ '1.2.4' ],
140 silly audit   'locate-path': [ '6.0.0' ],
140 silly audit   'lodash.debounce': [ '4.0.8' ],
140 silly audit   'lodash.merge': [ '4.6.2' ],
140 silly audit   'loose-envify': [ '1.4.0' ],
140 silly audit   'lru-cache': [ '10.4.3' ],
140 silly audit   'lucide-react': [ '0.474.0' ],
140 silly audit   matchmediaquery: [ '0.4.2' ],
140 silly audit   'math-intrinsics': [ '1.1.0' ],
140 silly audit   merge2: [ '1.4.1' ],
140 silly audit   micromatch: [ '4.0.8' ],
140 silly audit   minimist: [ '1.2.8' ],
140 silly audit   minipass: [ '7.1.2' ],
140 silly audit   motion: [ '12.0.6' ],
140 silly audit   'motion-dom': [ '12.0.0' ],
140 silly audit   'motion-utils': [ '12.0.0' ],
140 silly audit   ms: [ '2.1.3' ],
140 silly audit   mz: [ '2.7.0' ],
140 silly audit   nanoid: [ '3.3.8' ],
140 silly audit   'natural-compare': [ '1.4.0' ],
140 silly audit   postcss: [ '8.5.1', '8.4.31' ],
140 silly audit   'node-releases': [ '2.0.19' ],
140 silly audit   nodemailer: [ '6.10.0' ],
140 silly audit   'normalize-path': [ '3.0.0' ],
140 silly audit   'normalize-range': [ '0.1.2' ],
140 silly audit   'object-assign': [ '4.1.1' ],
140 silly audit   'object-hash': [ '3.0.0' ],
140 silly audit   'object-inspect': [ '1.13.3' ],
140 silly audit   'object-keys': [ '1.1.1' ],
140 silly audit   'object.assign': [ '4.1.7' ],
140 silly audit   'object.entries': [ '1.1.8' ],
140 silly audit   'object.fromentries': [ '2.0.8' ],
140 silly audit   'object.groupby': [ '1.0.3' ],
140 silly audit   'object.values': [ '1.2.1' ],
140 silly audit   optionator: [ '0.9.4' ],
140 silly audit   'own-keys': [ '1.0.1' ],
140 silly audit   'p-limit': [ '3.1.0' ],
140 silly audit   'p-locate': [ '5.0.0' ],
140 silly audit   'package-json-from-dist': [ '1.0.1' ],
140 silly audit   'parent-module': [ '1.0.1' ],
140 silly audit   'path-exists': [ '4.0.0' ],
140 silly audit   'path-key': [ '3.1.1' ],
140 silly audit   'path-parse': [ '1.0.7' ],
140 silly audit   'path-scurry': [ '1.11.1' ],
140 silly audit   picocolors: [ '1.1.1' ],
140 silly audit   picomatch: [ '2.3.1' ],
140 silly audit   pify: [ '2.3.0' ],
140 silly audit   pirates: [ '4.0.6' ],
140 silly audit   'possible-typed-array-names': [ '1.0.0' ],
140 silly audit   'postcss-import': [ '15.1.0' ],
140 silly audit   'postcss-js': [ '4.0.1' ],
140 silly audit   'postcss-load-config': [ '4.0.2' ],
140 silly audit   'postcss-nested': [ '6.2.0' ],
140 silly audit   'postcss-selector-parser': [ '6.1.2' ],
140 silly audit   'postcss-value-parser': [ '4.2.0' ],
140 silly audit   'prelude-ls': [ '1.2.1' ],
140 silly audit   'prop-types': [ '15.8.1' ],
140 silly audit   punycode: [ '2.3.1' ],
140 silly audit   'queue-microtask': [ '1.2.3' ],
140 silly audit   'react-calendly': [ '4.3.1' ],
140 silly audit   'react-hook-form': [ '7.54.2' ],
140 silly audit   'react-icons': [ '5.4.0' ],
140 silly audit   'react-is': [ '16.13.1' ],
140 silly audit   'react-remove-scroll': [ '2.6.3' ],
140 silly audit   'react-remove-scroll-bar': [ '2.3.8' ],
140 silly audit   'react-responsive': [ '10.0.0' ],
140 silly audit   'react-slick': [ '0.30.3' ],
140 silly audit   'react-style-singleton': [ '2.2.3' ],
140 silly audit   'read-cache': [ '1.0.0' ],
140 silly audit   readdirp: [ '3.6.0' ],
140 silly audit   'reflect.getprototypeof': [ '1.0.10' ],
140 silly audit   'regexp.prototype.flags': [ '1.5.4' ],
140 silly audit   'resize-observer-polyfill': [ '1.5.1' ],
140 silly audit   'resolve-from': [ '4.0.0' ],
140 silly audit   'resolve-pkg-maps': [ '1.0.0' ],
140 silly audit   reusify: [ '1.0.4' ],
140 silly audit   'run-parallel': [ '1.2.0' ],
140 silly audit   'safe-array-concat': [ '1.1.3' ],
140 silly audit   'safe-push-apply': [ '1.0.0' ],
140 silly audit   'safe-regex-test': [ '1.1.0' ],
140 silly audit   scheduler: [ '0.25.0' ],
140 silly audit   'set-function-length': [ '1.2.2' ],
140 silly audit   'set-function-name': [ '2.0.2' ],
140 silly audit   'set-proto': [ '1.0.0' ],
140 silly audit   'shallow-equal': [ '3.1.0' ],
140 silly audit   sharp: [ '0.33.5' ],
140 silly audit   'shebang-command': [ '2.0.0' ],
140 silly audit   'shebang-regex': [ '3.0.0' ],
140 silly audit   'side-channel': [ '1.1.0' ],
140 silly audit   'side-channel-list': [ '1.0.0' ],
140 silly audit   'side-channel-map': [ '1.0.1' ],
140 silly audit   'side-channel-weakmap': [ '1.0.2' ],
140 silly audit   'signal-exit': [ '4.1.0' ],
140 silly audit   'simple-swizzle': [ '0.2.2' ],
140 silly audit   'slick-carousel': [ '1.8.1' ],
140 silly audit   'source-map-js': [ '1.2.1' ],
140 silly audit   'stable-hash': [ '0.0.4' ],
140 silly audit   streamsearch: [ '1.1.0' ],
140 silly audit   'string-convert': [ '0.2.1' ],
140 silly audit   'string-width': [ '5.1.2', '4.2.3' ],
140 silly audit   'strip-ansi': [ '6.0.1', '7.1.0' ],
140 silly audit   'string.prototype.includes': [ '2.0.1' ],
140 silly audit   'string.prototype.matchall': [ '4.0.12' ],
140 silly audit   'string.prototype.repeat': [ '1.0.0' ],
140 silly audit   'string.prototype.trim': [ '1.2.10' ],
140 silly audit   'string.prototype.trimend': [ '1.0.9' ],
140 silly audit   'string.prototype.trimstart': [ '1.0.8' ],
140 silly audit   'strip-bom': [ '3.0.0' ],
140 silly audit   'strip-json-comments': [ '3.1.1' ],
140 silly audit   'styled-jsx': [ '5.1.6' ],
140 silly audit   sucrase: [ '3.35.0' ],
140 silly audit   'supports-color': [ '7.2.0' ],
140 silly audit   'supports-preserve-symlinks-flag': [ '1.0.0' ],
140 silly audit   'tailwind-merge': [ '3.0.1' ],
140 silly audit   tailwindcss: [ '3.4.17' ],
140 silly audit   'tailwindcss-animate': [ '1.0.7' ],
140 silly audit   tapable: [ '2.2.1' ],
140 silly audit   thenify: [ '3.3.1' ],
140 silly audit   'thenify-all': [ '1.6.0' ],
140 silly audit   'to-regex-range': [ '5.0.1' ],
140 silly audit   'ts-api-utils': [ '2.0.0' ],
140 silly audit   'ts-interface-checker': [ '0.1.13' ],
140 silly audit   'tsconfig-paths': [ '3.15.0' ],
140 silly audit   tslib: [ '2.8.1' ],
140 silly audit   'type-check': [ '0.4.0' ],
140 silly audit   'typed-array-buffer': [ '1.0.3' ],
140 silly audit   'typed-array-byte-length': [ '1.0.3' ],
140 silly audit   'typed-array-byte-offset': [ '1.0.4' ],
140 silly audit   'typed-array-length': [ '1.0.7' ],
140 silly audit   typescript: [ '5.7.3' ],
140 silly audit   'unbox-primitive': [ '1.1.0' ],
140 silly audit   'undici-types': [ '6.19.8' ],
140 silly audit   'update-browserslist-db': [ '1.1.2' ],
140 silly audit   'uri-js': [ '4.4.1' ],
140 silly audit   'use-callback-ref': [ '1.3.3' ],
140 silly audit   'use-sidecar': [ '1.1.3' ],
140 silly audit   'util-deprecate': [ '1.0.2' ],
140 silly audit   which: [ '2.0.2' ],
140 silly audit   'which-boxed-primitive': [ '1.1.1' ],
140 silly audit   'which-builtin-type': [ '1.2.1' ],
140 silly audit   'which-collection': [ '1.0.2' ],
140 silly audit   'which-typed-array': [ '1.1.18' ],
140 silly audit   'word-wrap': [ '1.2.5' ],
140 silly audit   'wrap-ansi': [ '8.1.0', '7.0.0' ],
140 silly audit   yaml: [ '2.7.0' ],
140 silly audit   'yocto-queue': [ '0.1.0' ],
140 silly audit   zod: [ '3.24.1' ],
140 silly audit   '@vercel/analytics': [ '1.4.1' ],
140 silly audit   next: [ '15.1.6' ],
140 silly audit   react: [ '19.0.0' ],
140 silly audit   'react-dom': [ '19.0.0' ]
140 silly audit }
141 verbose reify failed optional dependency C:\Users\LUBS\Desktop\Visionate\visionate\node_modules\fsevents
142 silly reify mark deleted [
142 silly reify   'C:\\Users\\LUBS\\Desktop\\Visionate\\visionate\\node_modules\\fsevents'
142 silly reify ]
143 verbose reify failed optional dependency C:\Users\LUBS\Desktop\Visionate\visionate\node_modules\@next\swc-win32-arm64-msvc
144 silly reify mark deleted [
144 silly reify   'C:\\Users\\LUBS\\Desktop\\Visionate\\visionate\\node_modules\\@next\\swc-win32-arm64-msvc'
144 silly reify ]
145 verbose reify failed optional dependency C:\Users\LUBS\Desktop\Visionate\visionate\node_modules\@next\swc-linux-x64-musl
146 silly reify mark deleted [
146 silly reify   'C:\\Users\\LUBS\\Desktop\\Visionate\\visionate\\node_modules\\@next\\swc-linux-x64-musl'
146 silly reify ]
147 verbose reify failed optional dependency C:\Users\LUBS\Desktop\Visionate\visionate\node_modules\@next\swc-linux-x64-gnu
148 silly reify mark deleted [
148 silly reify   'C:\\Users\\LUBS\\Desktop\\Visionate\\visionate\\node_modules\\@next\\swc-linux-x64-gnu'
148 silly reify ]
149 verbose reify failed optional dependency C:\Users\LUBS\Desktop\Visionate\visionate\node_modules\@next\swc-linux-arm64-musl
150 silly reify mark deleted [
150 silly reify   'C:\\Users\\LUBS\\Desktop\\Visionate\\visionate\\node_modules\\@next\\swc-linux-arm64-musl'
150 silly reify ]
151 verbose reify failed optional dependency C:\Users\LUBS\Desktop\Visionate\visionate\node_modules\@next\swc-linux-arm64-gnu
152 silly reify mark deleted [
152 silly reify   'C:\\Users\\LUBS\\Desktop\\Visionate\\visionate\\node_modules\\@next\\swc-linux-arm64-gnu'
152 silly reify ]
153 verbose reify failed optional dependency C:\Users\LUBS\Desktop\Visionate\visionate\node_modules\@next\swc-darwin-x64
154 silly reify mark deleted [
154 silly reify   'C:\\Users\\LUBS\\Desktop\\Visionate\\visionate\\node_modules\\@next\\swc-darwin-x64'
154 silly reify ]
155 verbose reify failed optional dependency C:\Users\LUBS\Desktop\Visionate\visionate\node_modules\@next\swc-darwin-arm64
156 silly reify mark deleted [
156 silly reify   'C:\\Users\\LUBS\\Desktop\\Visionate\\visionate\\node_modules\\@next\\swc-darwin-arm64'
156 silly reify ]
157 verbose reify failed optional dependency C:\Users\LUBS\Desktop\Visionate\visionate\node_modules\@img\sharp-win32-ia32
158 silly reify mark deleted [
158 silly reify   'C:\\Users\\LUBS\\Desktop\\Visionate\\visionate\\node_modules\\@img\\sharp-win32-ia32'
158 silly reify ]
159 verbose reify failed optional dependency C:\Users\LUBS\Desktop\Visionate\visionate\node_modules\@img\sharp-wasm32
160 silly reify mark deleted [
160 silly reify   'C:\\Users\\LUBS\\Desktop\\Visionate\\visionate\\node_modules\\@img\\sharp-wasm32'
160 silly reify ]
161 verbose reify failed optional dependency C:\Users\LUBS\Desktop\Visionate\visionate\node_modules\@emnapi\runtime
162 silly reify mark deleted [
162 silly reify   'C:\\Users\\LUBS\\Desktop\\Visionate\\visionate\\node_modules\\@emnapi\\runtime'
162 silly reify ]
163 verbose reify failed optional dependency C:\Users\LUBS\Desktop\Visionate\visionate\node_modules\@img\sharp-linuxmusl-x64
164 silly reify mark deleted [
164 silly reify   'C:\\Users\\LUBS\\Desktop\\Visionate\\visionate\\node_modules\\@img\\sharp-linuxmusl-x64'
164 silly reify ]
165 verbose reify failed optional dependency C:\Users\LUBS\Desktop\Visionate\visionate\node_modules\@img\sharp-linuxmusl-arm64
166 silly reify mark deleted [
166 silly reify   'C:\\Users\\LUBS\\Desktop\\Visionate\\visionate\\node_modules\\@img\\sharp-linuxmusl-arm64'
166 silly reify ]
167 verbose reify failed optional dependency C:\Users\LUBS\Desktop\Visionate\visionate\node_modules\@img\sharp-linux-x64
168 silly reify mark deleted [
168 silly reify   'C:\\Users\\LUBS\\Desktop\\Visionate\\visionate\\node_modules\\@img\\sharp-linux-x64'
168 silly reify ]
169 verbose reify failed optional dependency C:\Users\LUBS\Desktop\Visionate\visionate\node_modules\@img\sharp-linux-s390x
170 silly reify mark deleted [
170 silly reify   'C:\\Users\\LUBS\\Desktop\\Visionate\\visionate\\node_modules\\@img\\sharp-linux-s390x'
170 silly reify ]
171 verbose reify failed optional dependency C:\Users\LUBS\Desktop\Visionate\visionate\node_modules\@img\sharp-linux-arm64
172 silly reify mark deleted [
172 silly reify   'C:\\Users\\LUBS\\Desktop\\Visionate\\visionate\\node_modules\\@img\\sharp-linux-arm64'
172 silly reify ]
173 verbose reify failed optional dependency C:\Users\LUBS\Desktop\Visionate\visionate\node_modules\@img\sharp-linux-arm
174 silly reify mark deleted [
174 silly reify   'C:\\Users\\LUBS\\Desktop\\Visionate\\visionate\\node_modules\\@img\\sharp-linux-arm'
174 silly reify ]
175 verbose reify failed optional dependency C:\Users\LUBS\Desktop\Visionate\visionate\node_modules\@img\sharp-libvips-linuxmusl-x64
176 silly reify mark deleted [
176 silly reify   'C:\\Users\\LUBS\\Desktop\\Visionate\\visionate\\node_modules\\@img\\sharp-libvips-linuxmusl-x64'
176 silly reify ]
177 verbose reify failed optional dependency C:\Users\LUBS\Desktop\Visionate\visionate\node_modules\@img\sharp-libvips-linuxmusl-arm64
178 silly reify mark deleted [
178 silly reify   'C:\\Users\\LUBS\\Desktop\\Visionate\\visionate\\node_modules\\@img\\sharp-libvips-linuxmusl-arm64'
178 silly reify ]
179 verbose reify failed optional dependency C:\Users\LUBS\Desktop\Visionate\visionate\node_modules\@img\sharp-libvips-linux-x64
180 silly reify mark deleted [
180 silly reify   'C:\\Users\\LUBS\\Desktop\\Visionate\\visionate\\node_modules\\@img\\sharp-libvips-linux-x64'
180 silly reify ]
181 verbose reify failed optional dependency C:\Users\LUBS\Desktop\Visionate\visionate\node_modules\@img\sharp-libvips-linux-s390x
182 silly reify mark deleted [
182 silly reify   'C:\\Users\\LUBS\\Desktop\\Visionate\\visionate\\node_modules\\@img\\sharp-libvips-linux-s390x'
182 silly reify ]
183 verbose reify failed optional dependency C:\Users\LUBS\Desktop\Visionate\visionate\node_modules\@img\sharp-libvips-linux-arm64
184 silly reify mark deleted [
184 silly reify   'C:\\Users\\LUBS\\Desktop\\Visionate\\visionate\\node_modules\\@img\\sharp-libvips-linux-arm64'
184 silly reify ]
185 verbose reify failed optional dependency C:\Users\LUBS\Desktop\Visionate\visionate\node_modules\@img\sharp-libvips-linux-arm
186 silly reify mark deleted [
186 silly reify   'C:\\Users\\LUBS\\Desktop\\Visionate\\visionate\\node_modules\\@img\\sharp-libvips-linux-arm'
186 silly reify ]
187 verbose reify failed optional dependency C:\Users\LUBS\Desktop\Visionate\visionate\node_modules\@img\sharp-libvips-darwin-x64
188 silly reify mark deleted [
188 silly reify   'C:\\Users\\LUBS\\Desktop\\Visionate\\visionate\\node_modules\\@img\\sharp-libvips-darwin-x64'
188 silly reify ]
189 verbose reify failed optional dependency C:\Users\LUBS\Desktop\Visionate\visionate\node_modules\@img\sharp-libvips-darwin-arm64
190 silly reify mark deleted [
190 silly reify   'C:\\Users\\LUBS\\Desktop\\Visionate\\visionate\\node_modules\\@img\\sharp-libvips-darwin-arm64'
190 silly reify ]
191 verbose reify failed optional dependency C:\Users\LUBS\Desktop\Visionate\visionate\node_modules\@img\sharp-darwin-x64
192 silly reify mark deleted [
192 silly reify   'C:\\Users\\LUBS\\Desktop\\Visionate\\visionate\\node_modules\\@img\\sharp-darwin-x64'
192 silly reify ]
193 verbose reify failed optional dependency C:\Users\LUBS\Desktop\Visionate\visionate\node_modules\@img\sharp-darwin-arm64
194 silly reify mark deleted [
194 silly reify   'C:\\Users\\LUBS\\Desktop\\Visionate\\visionate\\node_modules\\@img\\sharp-darwin-arm64'
194 silly reify ]
195 http cache @vercel/analytics@https://registry.npmjs.org/@vercel/analytics/-/analytics-1.4.1.tgz 0ms (cache hit)
196 http cache @emnapi/runtime@https://registry.npmjs.org/@emnapi/runtime/-/runtime-1.3.1.tgz 0ms (cache hit)
197 silly tarball no local data for @vercel/analytics@https://registry.npmjs.org/@vercel/analytics/-/analytics-1.4.1.tgz. Extracting by manifest.
198 http fetch POST 200 https://registry.npmjs.org/-/npm/v1/security/advisories/bulk 666ms
199 silly audit report {}
200 http fetch GET 200 https://registry.npmjs.org/@vercel/analytics/-/analytics-1.4.1.tgz 1760ms (cache miss)
201 silly ADD node_modules/@vercel/analytics
202 silly ADD
203 silly ADD
204 silly ADD
205 silly ADD
206 silly ADD
207 silly ADD
208 silly ADD
209 silly ADD
210 silly ADD
211 silly ADD
212 silly ADD
213 silly ADD
214 silly ADD
215 silly ADD
216 silly ADD
217 silly ADD
218 silly ADD
219 silly ADD
220 silly ADD
221 silly ADD
222 silly ADD
223 silly ADD
224 silly ADD
225 silly ADD
226 silly ADD
227 silly ADD
228 silly ADD
229 verbose cwd C:\Users\LUBS\Desktop\Visionate\visionate
230 verbose os Windows_NT 10.0.19045
231 verbose node v22.13.1
232 verbose npm  v11.0.0
233 verbose exit 0
234 info ok
